<?xml version="1.0" encoding="UTF-8"?>
<testsuites name="FAQ Management" time="145.43" tests="1" failures="1" errors="0">
   <testsuite name="FAQ Management" tests="1" failures="1" errors="0" time="145.43" timestamp="2020-05-29 15:28:59" hostname="rizkajuliant20 - DESKTOP-NHES7H6" id="Test Suites/Rizka/FAQ Management">
      <properties>
         <property name="deviceName" value=""/>
         <property name="devicePlatform" value=""/>
         <property name="logFolder" value="D:\\MY WORLD\\WORKS (TUGAS)\\HunterCMSNew\\Reports\\20200529_152847\\Rizka\\FAQ Management\\20200529_152847"/>
         <property name="logFiles" value="D:\\MY WORLD\\WORKS (TUGAS)\\HunterCMSNew\\Reports\\20200529_152847\\Rizka\\FAQ Management\\20200529_152847\\execution0.log"/>
         <property name="attachments" value="D:\\MY WORLD\\WORKS (TUGAS)\\HunterCMSNew\\Reports\\20200529_152847\\Rizka\\FAQ Management\\20200529_152847\\1590741082497.png"/>
         <property name="hostName" value="rizkajuliant20 - DESKTOP-NHES7H6"/>
         <property name="os" value="Windows 10 64bit"/>
         <property name="katalonVersion" value="7.2.1.1"/>
         <property name="browser" value="Chrome 83.0.4103.61"/>
         <property name="hostAddress" value="192.168.1.116"/>
         <property name="sessionId" value="d2aaf053d26f128fb9f402d8de96a6db"/>
         <property name="seleniumVersion" value="3.141.59"/>
         <property name="proxyInformation" value="ProxyInformation{proxyOption=NO_PROXY, proxyServerType=HTTP, password=, proxyServerAddress=, proxyServerPort=0, executionList=}"/>
         <property name="platform" value="Windows 10"/>
      </properties>
      <testcase name="Test Cases/Rizka/FAQ Management/FAQ Management - Edit FAQ" time="141.935" classname="Test Cases/Rizka/FAQ Management/FAQ Management - Edit FAQ" status="FAILED">
         <failure type="FAILED" message="Test Cases/Rizka/FAQ Management/FAQ Management - Edit FAQ FAILED.
Reason:
com.kms.katalon.core.exception.StepFailedException: Unable to click on object 'Object Repository/Rizka/FAQ Management/btnSettings'
	at com.kms.katalon.core.webui.keyword.internal.WebUIKeywordMain.stepFailed(WebUIKeywordMain.groovy:64)
	at com.kms.katalon.core.webui.keyword.internal.WebUIKeywordMain.runKeyword(WebUIKeywordMain.groovy:26)
	at com.kms.katalon.core.webui.keyword.builtin.ClickKeyword.click(ClickKeyword.groovy:102)
	at com.kms.katalon.core.webui.keyword.builtin.ClickKeyword.execute(ClickKeyword.groovy:43)
	at com.kms.katalon.core.keyword.internal.KeywordExecutor.executeKeywordForPlatform(KeywordExecutor.groovy:72)
	at com.kms.katalon.core.webui.keyword.WebUiBuiltInKeywords.click(WebUiBuiltInKeywords.groovy:616)
	at com.kms.katalon.core.webui.keyword.WebUiBuiltInKeywords$click$2.call(Unknown Source)
	at FAQ Management - Edit FAQ.run(FAQ Management - Edit FAQ:54)
	at com.kms.katalon.core.main.ScriptEngine.run(ScriptEngine.java:194)
	at com.kms.katalon.core.main.ScriptEngine.runScriptAsRawText(ScriptEngine.java:119)
	at com.kms.katalon.core.main.TestCaseExecutor.runScript(TestCaseExecutor.java:337)
	at com.kms.katalon.core.main.TestCaseExecutor.doExecute(TestCaseExecutor.java:328)
	at com.kms.katalon.core.main.TestCaseExecutor.processExecutionPhase(TestCaseExecutor.java:307)
	at com.kms.katalon.core.main.TestCaseExecutor.accessMainPhase(TestCaseExecutor.java:299)
	at com.kms.katalon.core.main.TestCaseExecutor.execute(TestCaseExecutor.java:233)
	at com.kms.katalon.core.main.TestSuiteExecutor.accessTestCaseMainPhase(TestSuiteExecutor.java:169)
	at com.kms.katalon.core.main.TestSuiteExecutor.accessTestSuiteMainPhase(TestSuiteExecutor.java:142)
	at com.kms.katalon.core.main.TestSuiteExecutor.execute(TestSuiteExecutor.java:91)
	at com.kms.katalon.core.main.TestCaseMain.startTestSuite(TestCaseMain.java:157)
	at com.kms.katalon.core.main.TestCaseMain$startTestSuite$0.call(Unknown Source)
	at TempTestSuite1590740927390.run(TempTestSuite1590740927390.groovy:36)
Caused by: com.kms.katalon.core.webui.exception.WebElementNotFoundException: Web element with id: 'Object Repository/Rizka/FAQ Management/btnSettings' located by 'By.xpath: //i[@class = 'wi-plus']' not found
	at com.kms.katalon.core.webui.common.WebUiCommonHelper.findWebElement(WebUiCommonHelper.java:1154)
	at com.kms.katalon.core.webui.keyword.internal.WebUIAbstractKeyword.findWebElement(WebUIAbstractKeyword.groovy:27)
	at com.kms.katalon.core.webui.keyword.internal.WebUIAbstractKeyword.findWebElement(WebUIAbstractKeyword.groovy:26)
	at com.kms.katalon.core.webui.keyword.builtin.ClickKeyword$_click_closure1.doCall(ClickKeyword.groovy:67)
	at com.kms.katalon.core.webui.keyword.builtin.ClickKeyword$_click_closure1.call(ClickKeyword.groovy)
	at com.kms.katalon.core.webui.keyword.internal.WebUIKeywordMain.runKeyword(WebUIKeywordMain.groovy:20)
	... 19 more
"/>
         <system-out><![CDATA[2020-05-29 15:29:01 - [TEST_CASE][FAILED] - Test Cases/Rizka/FAQ Management/FAQ Management - Edit FAQ: Test Cases/Rizka/FAQ Management/FAQ Management - Edit FAQ FAILED.
Reason:
com.kms.katalon.core.exception.StepFailedException: Unable to click on object 'Object Repository/Rizka/FAQ Management/btnSettings'
	at com.kms.katalon.core.webui.keyword.internal.WebUIKeywordMain.stepFailed(WebUIKeywordMain.groovy:64)
	at com.kms.katalon.core.webui.keyword.internal.WebUIKeywordMain.runKeyword(WebUIKeywordMain.groovy:26)
	at com.kms.katalon.core.webui.keyword.builtin.ClickKeyword.click(ClickKeyword.groovy:102)
	at com.kms.katalon.core.webui.keyword.builtin.ClickKeyword.execute(ClickKeyword.groovy:43)
	at com.kms.katalon.core.keyword.internal.KeywordExecutor.executeKeywordForPlatform(KeywordExecutor.groovy:72)
	at com.kms.katalon.core.webui.keyword.WebUiBuiltInKeywords.click(WebUiBuiltInKeywords.groovy:616)
	at com.kms.katalon.core.webui.keyword.WebUiBuiltInKeywords$click$2.call(Unknown Source)
	at FAQ Management - Edit FAQ.run(FAQ Management - Edit FAQ:54)
	at com.kms.katalon.core.main.ScriptEngine.run(ScriptEngine.java:194)
	at com.kms.katalon.core.main.ScriptEngine.runScriptAsRawText(ScriptEngine.java:119)
	at com.kms.katalon.core.main.TestCaseExecutor.runScript(TestCaseExecutor.java:337)
	at com.kms.katalon.core.main.TestCaseExecutor.doExecute(TestCaseExecutor.java:328)
	at com.kms.katalon.core.main.TestCaseExecutor.processExecutionPhase(TestCaseExecutor.java:307)
	at com.kms.katalon.core.main.TestCaseExecutor.accessMainPhase(TestCaseExecutor.java:299)
	at com.kms.katalon.core.main.TestCaseExecutor.execute(TestCaseExecutor.java:233)
	at com.kms.katalon.core.main.TestSuiteExecutor.accessTestCaseMainPhase(TestSuiteExecutor.java:169)
	at com.kms.katalon.core.main.TestSuiteExecutor.accessTestSuiteMainPhase(TestSuiteExecutor.java:142)
	at com.kms.katalon.core.main.TestSuiteExecutor.execute(TestSuiteExecutor.java:91)
	at com.kms.katalon.core.main.TestCaseMain.startTestSuite(TestCaseMain.java:157)
	at com.kms.katalon.core.main.TestCaseMain$startTestSuite$0.call(Unknown Source)
	at TempTestSuite1590740927390.run(TempTestSuite1590740927390.groovy:36)
Caused by: com.kms.katalon.core.webui.exception.WebElementNotFoundException: Web element with id: 'Object Repository/Rizka/FAQ Management/btnSettings' located by 'By.xpath: //i[@class = 'wi-plus']' not found
	at com.kms.katalon.core.webui.common.WebUiCommonHelper.findWebElement(WebUiCommonHelper.java:1154)
	at com.kms.katalon.core.webui.keyword.internal.WebUIAbstractKeyword.findWebElement(WebUIAbstractKeyword.groovy:27)
	at com.kms.katalon.core.webui.keyword.internal.WebUIAbstractKeyword.findWebElement(WebUIAbstractKeyword.groovy:26)
	at com.kms.katalon.core.webui.keyword.builtin.ClickKeyword$_click_closure1.doCall(ClickKeyword.groovy:67)
	at com.kms.katalon.core.webui.keyword.builtin.ClickKeyword$_click_closure1.call(ClickKeyword.groovy)
	at com.kms.katalon.core.webui.keyword.internal.WebUIKeywordMain.runKeyword(WebUIKeywordMain.groovy:20)
	... 19 more


2020-05-29 15:29:02 - [TEST_STEP][PASSED] - callTestCase(findTestCase("Rizka/MainLogin"), [:], STOP_ON_FAILURE): Call Test Case 'Test Cases/Rizka/MainLogin' successfully

2020-05-29 15:29:03 - [TEST_CASE][PASSED] - Test Cases/Rizka/MainLogin: Test Cases/Rizka/MainLogin

2020-05-29 15:29:04 - [TEST_STEP][PASSED] - openBrowser("https://appsrv1.deltadatamandiri.com/ACC_Hunter_Web/#/S19n1n"): Browser is opened with url: 'https://appsrv1.deltadatamandiri.com/ACC_Hunter_Web/#/S19n1n'

2020-05-29 15:29:04 - [MESSAGE][INFO] - Starting 'Chrome' driver

2020-05-29 15:29:05 - [MESSAGE][INFO] - Action delay is set to 0 seconds

2020-05-29 15:29:32 - [MESSAGE][PASSED] - Browser is opened with url: 'https://appsrv1.deltadatamandiri.com/ACC_Hunter_Web/#/S19n1n'

2020-05-29 15:29:32 - [TEST_STEP][PASSED] - maximizeWindow(): Current window maximized

2020-05-29 15:29:34 - [MESSAGE][PASSED] - Current window maximized

2020-05-29 15:29:34 - [TEST_STEP][PASSED] - delay(15): Delayed 15 second(s)

2020-05-29 15:29:49 - [MESSAGE][PASSED] - Delayed 15 second(s)

2020-05-29 15:29:49 - [TEST_STEP][PASSED] - setText(findTestObject("Rizka/FAQ Management/inputUsername"), "admin@mail.com"): Text 'admin@mail.com' is set on object 'Object Repository/Rizka/FAQ Management/inputUsername'

2020-05-29 15:29:50 - [MESSAGE][PASSED] - Text 'admin@mail.com' is set on object 'Object Repository/Rizka/FAQ Management/inputUsername'

2020-05-29 15:29:50 - [TEST_STEP][PASSED] - setText(findTestObject("Rizka/FAQ Management/inputPassword"), "Password1#"): Text 'Password1#' is set on object 'Object Repository/Rizka/FAQ Management/inputPassword'

2020-05-29 15:29:50 - [MESSAGE][PASSED] - Text 'Password1#' is set on object 'Object Repository/Rizka/FAQ Management/inputPassword'

2020-05-29 15:29:50 - [TEST_STEP][PASSED] - click(findTestObject("Rizka/FAQ Management/btnEyePass")): Object: 'Object Repository/Rizka/FAQ Management/btnEyePass' is clicked on

2020-05-29 15:29:51 - [MESSAGE][PASSED] - Object: 'Object Repository/Rizka/FAQ Management/btnEyePass' is clicked on

2020-05-29 15:29:51 - [TEST_STEP][PASSED] - click(findTestObject("Rizka/FAQ Management/btnSignIn")): Object: 'Object Repository/Rizka/FAQ Management/btnSignIn' is clicked on

2020-05-29 15:29:52 - [MESSAGE][PASSED] - Object: 'Object Repository/Rizka/FAQ Management/btnSignIn' is clicked on

2020-05-29 15:29:52 - [TEST_STEP][PASSED] - delay(10): Delayed 10 second(s)

2020-05-29 15:30:02 - [MESSAGE][PASSED] - Delayed 10 second(s)

2020-05-29 15:30:02 - [MESSAGE][PASSED] - Call Test Case 'Test Cases/Rizka/MainLogin' successfully

2020-05-29 15:30:02 - [TEST_STEP][PASSED] - click(findTestObject("Rizka/FAQ Management/btnFAQManagement")): Object: 'Object Repository/Rizka/FAQ Management/btnFAQManagement' is clicked on

2020-05-29 15:30:07 - [MESSAGE][PASSED] - Object: 'Object Repository/Rizka/FAQ Management/btnFAQManagement' is clicked on

2020-05-29 15:30:07 - [TEST_STEP][PASSED] - delay(7): Delayed 7 second(s)

2020-05-29 15:30:14 - [MESSAGE][PASSED] - Delayed 7 second(s)

2020-05-29 15:30:14 - [TEST_STEP][PASSED] - setText(findTestObject("Rizka/FAQ Management/inputSearchFAQ"), questionBefore): Text 'Bagaimana cara meredeem poin?' is set on object 'Object Repository/Rizka/FAQ Management/inputSearchFAQ'

2020-05-29 15:30:15 - [MESSAGE][PASSED] - Text 'Bagaimana cara meredeem poin?' is set on object 'Object Repository/Rizka/FAQ Management/inputSearchFAQ'

2020-05-29 15:30:15 - [TEST_STEP][PASSED] - sendKeys(findTestObject("Rizka/FAQ Management/inputSearchFAQ"), Keys.chord(ENTER)): Keys 'ENTER + ' sent to object: 'Object Repository/Rizka/FAQ Management/inputSearchFAQ'

2020-05-29 15:30:16 - [MESSAGE][PASSED] - Keys 'ENTER + ' sent to object: 'Object Repository/Rizka/FAQ Management/inputSearchFAQ'

2020-05-29 15:30:16 - [TEST_STEP][PASSED] - delay(7): Delayed 7 second(s)

2020-05-29 15:30:23 - [MESSAGE][PASSED] - Delayed 7 second(s)

2020-05-29 15:30:23 - [TEST_STEP][PASSED] - click(findTestObject("Rizka/FAQ Management/btnSettings")): Object: 'Object Repository/Rizka/FAQ Management/btnSettings' is clicked on

2020-05-29 15:30:24 - [MESSAGE][PASSED] - Object: 'Object Repository/Rizka/FAQ Management/btnSettings' is clicked on

2020-05-29 15:30:24 - [TEST_STEP][PASSED] - click(findTestObject("Rizka/FAQ Management/btnEdit")): Object: 'Object Repository/Rizka/FAQ Management/btnEdit' is clicked on

2020-05-29 15:30:24 - [MESSAGE][PASSED] - Object: 'Object Repository/Rizka/FAQ Management/btnEdit' is clicked on

2020-05-29 15:30:24 - [TEST_STEP][PASSED] - delay(3): Delayed 3 second(s)

2020-05-29 15:30:27 - [MESSAGE][PASSED] - Delayed 3 second(s)

2020-05-29 15:30:27 - [TEST_STEP][PASSED] - setText(findTestObject("Rizka/FAQ Management/inputEditQuestion"), questionAfter): Text '' is set on object 'Object Repository/Rizka/FAQ Management/inputEditQuestion'

2020-05-29 15:30:28 - [MESSAGE][PASSED] - Text '' is set on object 'Object Repository/Rizka/FAQ Management/inputEditQuestion'

2020-05-29 15:30:28 - [TEST_STEP][PASSED] - setText(findTestObject("Rizka/FAQ Management/inputEditAns"), answer): Text '' is set on object 'Object Repository/Rizka/FAQ Management/inputEditAns'

2020-05-29 15:30:29 - [MESSAGE][PASSED] - Text '' is set on object 'Object Repository/Rizka/FAQ Management/inputEditAns'

2020-05-29 15:30:29 - [TEST_STEP][FAILED] - if (condition == "passed"): Unable to click on object 'Object Repository/Rizka/FAQ Management/btnSettings' (Root cause: com.kms.katalon.core.exception.StepFailedException: Unable to click on object 'Object Repository/Rizka/FAQ Management/btnSettings'
	at com.kms.katalon.core.webui.keyword.internal.WebUIKeywordMain.stepFailed(WebUIKeywordMain.groovy:64)
	at com.kms.katalon.core.webui.keyword.internal.WebUIKeywordMain.runKeyword(WebUIKeywordMain.groovy:26)
	at com.kms.katalon.core.webui.keyword.builtin.ClickKeyword.click(ClickKeyword.groovy:102)
	at com.kms.katalon.core.webui.keyword.builtin.ClickKeyword.execute(ClickKeyword.groovy:43)
	at com.kms.katalon.core.keyword.internal.KeywordExecutor.executeKeywordForPlatform(KeywordExecutor.groovy:72)
	at com.kms.katalon.core.webui.keyword.WebUiBuiltInKeywords.click(WebUiBuiltInKeywords.groovy:616)
	at com.kms.katalon.core.webui.keyword.WebUiBuiltInKeywords$click$2.call(Unknown Source)
	at FAQ Management - Edit FAQ.run(FAQ Management - Edit FAQ:54)
	at com.kms.katalon.core.main.ScriptEngine.run(ScriptEngine.java:194)
	at com.kms.katalon.core.main.ScriptEngine.runScriptAsRawText(ScriptEngine.java:119)
	at com.kms.katalon.core.main.TestCaseExecutor.runScript(TestCaseExecutor.java:337)
	at com.kms.katalon.core.main.TestCaseExecutor.doExecute(TestCaseExecutor.java:328)
	at com.kms.katalon.core.main.TestCaseExecutor.processExecutionPhase(TestCaseExecutor.java:307)
	at com.kms.katalon.core.main.TestCaseExecutor.accessMainPhase(TestCaseExecutor.java:299)
	at com.kms.katalon.core.main.TestCaseExecutor.execute(TestCaseExecutor.java:233)
	at com.kms.katalon.core.main.TestSuiteExecutor.accessTestCaseMainPhase(TestSuiteExecutor.java:169)
	at com.kms.katalon.core.main.TestSuiteExecutor.accessTestSuiteMainPhase(TestSuiteExecutor.java:142)
	at com.kms.katalon.core.main.TestSuiteExecutor.execute(TestSuiteExecutor.java:91)
	at com.kms.katalon.core.main.TestCaseMain.startTestSuite(TestCaseMain.java:157)
	at com.kms.katalon.core.main.TestCaseMain$startTestSuite$0.call(Unknown Source)
	at TempTestSuite1590740927390.run(TempTestSuite1590740927390.groovy:36)
Caused by: com.kms.katalon.core.webui.exception.WebElementNotFoundException: Web element with id: 'Object Repository/Rizka/FAQ Management/btnSettings' located by 'By.xpath: //i[@class = 'wi-plus']' not found
	at com.kms.katalon.core.webui.common.WebUiCommonHelper.findWebElement(WebUiCommonHelper.java:1154)
	at com.kms.katalon.core.webui.keyword.internal.WebUIAbstractKeyword.findWebElement(WebUIAbstractKeyword.groovy:27)
	at com.kms.katalon.core.webui.keyword.internal.WebUIAbstractKeyword.findWebElement(WebUIAbstractKeyword.groovy:26)
	at com.kms.katalon.core.webui.keyword.builtin.ClickKeyword$_click_closure1.doCall(ClickKeyword.groovy:67)
	at com.kms.katalon.core.webui.keyword.builtin.ClickKeyword$_click_closure1.call(ClickKeyword.groovy)
	at com.kms.katalon.core.webui.keyword.internal.WebUIKeywordMain.runKeyword(WebUIKeywordMain.groovy:20)
	at com.kms.katalon.core.webui.keyword.builtin.ClickKeyword.click(ClickKeyword.groovy:102)
	at com.kms.katalon.core.webui.keyword.builtin.ClickKeyword.execute(ClickKeyword.groovy:43)
	at com.kms.katalon.core.keyword.internal.KeywordExecutor.executeKeywordForPlatform(KeywordExecutor.groovy:72)
	at com.kms.katalon.core.webui.keyword.WebUiBuiltInKeywords.click(WebUiBuiltInKeywords.groovy:616)
	at com.kms.katalon.core.webui.keyword.WebUiBuiltInKeywords$click$2.call(Unknown Source)
	at Script1590684886450.run(Script1590684886450.groovy:54)
	... 13 more
)

2020-05-29 15:30:29 - [TEST_STEP][PASSED] - click(findTestObject("Rizka/FAQ Management/btnSimpanEdit")): Object: 'Object Repository/Rizka/FAQ Management/btnSimpanEdit' is clicked on

2020-05-29 15:30:30 - [MESSAGE][PASSED] - Object: 'Object Repository/Rizka/FAQ Management/btnSimpanEdit' is clicked on

2020-05-29 15:30:30 - [TEST_STEP][PASSED] - delay(5): Delayed 5 second(s)

2020-05-29 15:30:35 - [MESSAGE][PASSED] - Delayed 5 second(s)

2020-05-29 15:30:35 - [TEST_STEP][PASSED] - if (questionAfter != ""): null

2020-05-29 15:30:35 - [TEST_STEP][PASSED] - else: Text 'Bagaimana cara meredeem poin?' is set on object 'Object Repository/Rizka/FAQ Management/inputSearchFAQ'

2020-05-29 15:30:35 - [TEST_STEP][PASSED] - setText(findTestObject("Rizka/FAQ Management/inputSearchFAQ"), questionBefore): Text 'Bagaimana cara meredeem poin?' is set on object 'Object Repository/Rizka/FAQ Management/inputSearchFAQ'

2020-05-29 15:30:35 - [MESSAGE][PASSED] - Text 'Bagaimana cara meredeem poin?' is set on object 'Object Repository/Rizka/FAQ Management/inputSearchFAQ'

2020-05-29 15:30:35 - [TEST_STEP][PASSED] - sendKeys(findTestObject("Rizka/FAQ Management/inputSearchFAQ"), Keys.chord(ENTER)): Keys 'ENTER + ' sent to object: 'Object Repository/Rizka/FAQ Management/inputSearchFAQ'

2020-05-29 15:30:36 - [MESSAGE][PASSED] - Keys 'ENTER + ' sent to object: 'Object Repository/Rizka/FAQ Management/inputSearchFAQ'

2020-05-29 15:30:36 - [TEST_STEP][FAILED] - click(findTestObject("Rizka/FAQ Management/btnSettings")): Unable to click on object 'Object Repository/Rizka/FAQ Management/btnSettings' (Root cause: com.kms.katalon.core.exception.StepFailedException: Unable to click on object 'Object Repository/Rizka/FAQ Management/btnSettings'
	at com.kms.katalon.core.webui.keyword.internal.WebUIKeywordMain.stepFailed(WebUIKeywordMain.groovy:64)
	at com.kms.katalon.core.webui.keyword.internal.WebUIKeywordMain.runKeyword(WebUIKeywordMain.groovy:26)
	at com.kms.katalon.core.webui.keyword.builtin.ClickKeyword.click(ClickKeyword.groovy:102)
	at com.kms.katalon.core.webui.keyword.builtin.ClickKeyword.execute(ClickKeyword.groovy:43)
	at com.kms.katalon.core.keyword.internal.KeywordExecutor.executeKeywordForPlatform(KeywordExecutor.groovy:72)
	at com.kms.katalon.core.webui.keyword.WebUiBuiltInKeywords.click(WebUiBuiltInKeywords.groovy:616)
	at com.kms.katalon.core.webui.keyword.WebUiBuiltInKeywords$click$2.call(Unknown Source)
	at FAQ Management - Edit FAQ.run(FAQ Management - Edit FAQ:54)
	at com.kms.katalon.core.main.ScriptEngine.run(ScriptEngine.java:194)
	at com.kms.katalon.core.main.ScriptEngine.runScriptAsRawText(ScriptEngine.java:119)
	at com.kms.katalon.core.main.TestCaseExecutor.runScript(TestCaseExecutor.java:337)
	at com.kms.katalon.core.main.TestCaseExecutor.doExecute(TestCaseExecutor.java:328)
	at com.kms.katalon.core.main.TestCaseExecutor.processExecutionPhase(TestCaseExecutor.java:307)
	at com.kms.katalon.core.main.TestCaseExecutor.accessMainPhase(TestCaseExecutor.java:299)
	at com.kms.katalon.core.main.TestCaseExecutor.execute(TestCaseExecutor.java:233)
	at com.kms.katalon.core.main.TestSuiteExecutor.accessTestCaseMainPhase(TestSuiteExecutor.java:169)
	at com.kms.katalon.core.main.TestSuiteExecutor.accessTestSuiteMainPhase(TestSuiteExecutor.java:142)
	at com.kms.katalon.core.main.TestSuiteExecutor.execute(TestSuiteExecutor.java:91)
	at com.kms.katalon.core.main.TestCaseMain.startTestSuite(TestCaseMain.java:157)
	at com.kms.katalon.core.main.TestCaseMain$startTestSuite$0.call(Unknown Source)
	at TempTestSuite1590740927390.run(TempTestSuite1590740927390.groovy:36)
Caused by: com.kms.katalon.core.webui.exception.WebElementNotFoundException: Web element with id: 'Object Repository/Rizka/FAQ Management/btnSettings' located by 'By.xpath: //i[@class = 'wi-plus']' not found
	at com.kms.katalon.core.webui.common.WebUiCommonHelper.findWebElement(WebUiCommonHelper.java:1154)
	at com.kms.katalon.core.webui.keyword.internal.WebUIAbstractKeyword.findWebElement(WebUIAbstractKeyword.groovy:27)
	at com.kms.katalon.core.webui.keyword.internal.WebUIAbstractKeyword.findWebElement(WebUIAbstractKeyword.groovy:26)
	at com.kms.katalon.core.webui.keyword.builtin.ClickKeyword$_click_closure1.doCall(ClickKeyword.groovy:67)
	at com.kms.katalon.core.webui.keyword.builtin.ClickKeyword$_click_closure1.call(ClickKeyword.groovy)
	at com.kms.katalon.core.webui.keyword.internal.WebUIKeywordMain.runKeyword(WebUIKeywordMain.groovy:20)
	at com.kms.katalon.core.webui.keyword.builtin.ClickKeyword.click(ClickKeyword.groovy:102)
	at com.kms.katalon.core.webui.keyword.builtin.ClickKeyword.execute(ClickKeyword.groovy:43)
	at com.kms.katalon.core.keyword.internal.KeywordExecutor.executeKeywordForPlatform(KeywordExecutor.groovy:72)
	at com.kms.katalon.core.webui.keyword.WebUiBuiltInKeywords.click(WebUiBuiltInKeywords.groovy:616)
	at com.kms.katalon.core.webui.keyword.WebUiBuiltInKeywords$click$2.call(Unknown Source)
	at Script1590684886450.run(Script1590684886450.groovy:54)
	... 13 more
)

2020-05-29 15:31:22 - [MESSAGE][INFO] - Unable to find the element located by 'By.xpath: //i[@class = 'wi-plus']'. Please recheck the objects properties to make sure the desired element is located. 

2020-05-29 15:31:22 - [MESSAGE][FAILED] - Unable to click on object 'Object Repository/Rizka/FAQ Management/btnSettings' (Root cause: com.kms.katalon.core.exception.StepFailedException: Unable to click on object 'Object Repository/Rizka/FAQ Management/btnSettings'
	at com.kms.katalon.core.webui.keyword.internal.WebUIKeywordMain.stepFailed(WebUIKeywordMain.groovy:64)
	at com.kms.katalon.core.webui.keyword.internal.WebUIKeywordMain.runKeyword(WebUIKeywordMain.groovy:26)
	at com.kms.katalon.core.webui.keyword.builtin.ClickKeyword.click(ClickKeyword.groovy:102)
	at com.kms.katalon.core.webui.keyword.builtin.ClickKeyword.execute(ClickKeyword.groovy:43)
	at com.kms.katalon.core.keyword.internal.KeywordExecutor.executeKeywordForPlatform(KeywordExecutor.groovy:72)
	at com.kms.katalon.core.webui.keyword.WebUiBuiltInKeywords.click(WebUiBuiltInKeywords.groovy:616)
	at com.kms.katalon.core.webui.keyword.WebUiBuiltInKeywords$click$2.call(Unknown Source)
	at FAQ Management - Edit FAQ.run(FAQ Management - Edit FAQ:54)
	at com.kms.katalon.core.main.ScriptEngine.run(ScriptEngine.java:194)
	at com.kms.katalon.core.main.ScriptEngine.runScriptAsRawText(ScriptEngine.java:119)
	at com.kms.katalon.core.main.TestCaseExecutor.runScript(TestCaseExecutor.java:337)
	at com.kms.katalon.core.main.TestCaseExecutor.doExecute(TestCaseExecutor.java:328)
	at com.kms.katalon.core.main.TestCaseExecutor.processExecutionPhase(TestCaseExecutor.java:307)
	at com.kms.katalon.core.main.TestCaseExecutor.accessMainPhase(TestCaseExecutor.java:299)
	at com.kms.katalon.core.main.TestCaseExecutor.execute(TestCaseExecutor.java:233)
	at com.kms.katalon.core.main.TestSuiteExecutor.accessTestCaseMainPhase(TestSuiteExecutor.java:169)
	at com.kms.katalon.core.main.TestSuiteExecutor.accessTestSuiteMainPhase(TestSuiteExecutor.java:142)
	at com.kms.katalon.core.main.TestSuiteExecutor.execute(TestSuiteExecutor.java:91)
	at com.kms.katalon.core.main.TestCaseMain.startTestSuite(TestCaseMain.java:157)
	at com.kms.katalon.core.main.TestCaseMain$startTestSuite$0.call(Unknown Source)
	at TempTestSuite1590740927390.run(TempTestSuite1590740927390.groovy:36)
Caused by: com.kms.katalon.core.webui.exception.WebElementNotFoundException: Web element with id: 'Object Repository/Rizka/FAQ Management/btnSettings' located by 'By.xpath: //i[@class = 'wi-plus']' not found
	at com.kms.katalon.core.webui.common.WebUiCommonHelper.findWebElement(WebUiCommonHelper.java:1154)
	at com.kms.katalon.core.webui.keyword.internal.WebUIAbstractKeyword.findWebElement(WebUIAbstractKeyword.groovy:27)
	at com.kms.katalon.core.webui.keyword.internal.WebUIAbstractKeyword.findWebElement(WebUIAbstractKeyword.groovy:26)
	at com.kms.katalon.core.webui.keyword.builtin.ClickKeyword$_click_closure1.doCall(ClickKeyword.groovy:67)
	at com.kms.katalon.core.webui.keyword.builtin.ClickKeyword$_click_closure1.call(ClickKeyword.groovy)
	at com.kms.katalon.core.webui.keyword.internal.WebUIKeywordMain.runKeyword(WebUIKeywordMain.groovy:20)
	at com.kms.katalon.core.webui.keyword.builtin.ClickKeyword.click(ClickKeyword.groovy:102)
	at com.kms.katalon.core.webui.keyword.builtin.ClickKeyword.execute(ClickKeyword.groovy:43)
	at com.kms.katalon.core.keyword.internal.KeywordExecutor.executeKeywordForPlatform(KeywordExecutor.groovy:72)
	at com.kms.katalon.core.webui.keyword.WebUiBuiltInKeywords.click(WebUiBuiltInKeywords.groovy:616)
	at com.kms.katalon.core.webui.keyword.WebUiBuiltInKeywords$click$2.call(Unknown Source)
	at Script1590684886450.run(Script1590684886450.groovy:54)
	... 13 more
)
[[ATTACHMENT|D:\\MY WORLD\\WORKS (TUGAS)\\HunterCMSNew\\Reports\\20200529_152847\\Rizka\\FAQ Management\\20200529_152847\\1590741082497.png]]]]></system-out>
         <system-err><![CDATA[2020-05-29 15:29:01 - [TEST_CASE][FAILED] - Test Cases/Rizka/FAQ Management/FAQ Management - Edit FAQ: Test Cases/Rizka/FAQ Management/FAQ Management - Edit FAQ FAILED.
Reason:
com.kms.katalon.core.exception.StepFailedException: Unable to click on object 'Object Repository/Rizka/FAQ Management/btnSettings'
	at com.kms.katalon.core.webui.keyword.internal.WebUIKeywordMain.stepFailed(WebUIKeywordMain.groovy:64)
	at com.kms.katalon.core.webui.keyword.internal.WebUIKeywordMain.runKeyword(WebUIKeywordMain.groovy:26)
	at com.kms.katalon.core.webui.keyword.builtin.ClickKeyword.click(ClickKeyword.groovy:102)
	at com.kms.katalon.core.webui.keyword.builtin.ClickKeyword.execute(ClickKeyword.groovy:43)
	at com.kms.katalon.core.keyword.internal.KeywordExecutor.executeKeywordForPlatform(KeywordExecutor.groovy:72)
	at com.kms.katalon.core.webui.keyword.WebUiBuiltInKeywords.click(WebUiBuiltInKeywords.groovy:616)
	at com.kms.katalon.core.webui.keyword.WebUiBuiltInKeywords$click$2.call(Unknown Source)
	at FAQ Management - Edit FAQ.run(FAQ Management - Edit FAQ:54)
	at com.kms.katalon.core.main.ScriptEngine.run(ScriptEngine.java:194)
	at com.kms.katalon.core.main.ScriptEngine.runScriptAsRawText(ScriptEngine.java:119)
	at com.kms.katalon.core.main.TestCaseExecutor.runScript(TestCaseExecutor.java:337)
	at com.kms.katalon.core.main.TestCaseExecutor.doExecute(TestCaseExecutor.java:328)
	at com.kms.katalon.core.main.TestCaseExecutor.processExecutionPhase(TestCaseExecutor.java:307)
	at com.kms.katalon.core.main.TestCaseExecutor.accessMainPhase(TestCaseExecutor.java:299)
	at com.kms.katalon.core.main.TestCaseExecutor.execute(TestCaseExecutor.java:233)
	at com.kms.katalon.core.main.TestSuiteExecutor.accessTestCaseMainPhase(TestSuiteExecutor.java:169)
	at com.kms.katalon.core.main.TestSuiteExecutor.accessTestSuiteMainPhase(TestSuiteExecutor.java:142)
	at com.kms.katalon.core.main.TestSuiteExecutor.execute(TestSuiteExecutor.java:91)
	at com.kms.katalon.core.main.TestCaseMain.startTestSuite(TestCaseMain.java:157)
	at com.kms.katalon.core.main.TestCaseMain$startTestSuite$0.call(Unknown Source)
	at TempTestSuite1590740927390.run(TempTestSuite1590740927390.groovy:36)
Caused by: com.kms.katalon.core.webui.exception.WebElementNotFoundException: Web element with id: 'Object Repository/Rizka/FAQ Management/btnSettings' located by 'By.xpath: //i[@class = 'wi-plus']' not found
	at com.kms.katalon.core.webui.common.WebUiCommonHelper.findWebElement(WebUiCommonHelper.java:1154)
	at com.kms.katalon.core.webui.keyword.internal.WebUIAbstractKeyword.findWebElement(WebUIAbstractKeyword.groovy:27)
	at com.kms.katalon.core.webui.keyword.internal.WebUIAbstractKeyword.findWebElement(WebUIAbstractKeyword.groovy:26)
	at com.kms.katalon.core.webui.keyword.builtin.ClickKeyword$_click_closure1.doCall(ClickKeyword.groovy:67)
	at com.kms.katalon.core.webui.keyword.builtin.ClickKeyword$_click_closure1.call(ClickKeyword.groovy)
	at com.kms.katalon.core.webui.keyword.internal.WebUIKeywordMain.runKeyword(WebUIKeywordMain.groovy:20)
	... 19 more]]></system-err>
      </testcase>
      <system-out><![CDATA[2020-05-29 15:28:59 - [TEST_SUITE][FAILED] - FAQ Management: Test Cases/Rizka/FAQ Management/FAQ Management - Edit FAQ FAILED.
Reason:
com.kms.katalon.core.exception.StepFailedException: Unable to click on object 'Object Repository/Rizka/FAQ Management/btnSettings'
	at com.kms.katalon.core.webui.keyword.internal.WebUIKeywordMain.stepFailed(WebUIKeywordMain.groovy:64)
	at com.kms.katalon.core.webui.keyword.internal.WebUIKeywordMain.runKeyword(WebUIKeywordMain.groovy:26)
	at com.kms.katalon.core.webui.keyword.builtin.ClickKeyword.click(ClickKeyword.groovy:102)
	at com.kms.katalon.core.webui.keyword.builtin.ClickKeyword.execute(ClickKeyword.groovy:43)
	at com.kms.katalon.core.keyword.internal.KeywordExecutor.executeKeywordForPlatform(KeywordExecutor.groovy:72)
	at com.kms.katalon.core.webui.keyword.WebUiBuiltInKeywords.click(WebUiBuiltInKeywords.groovy:616)
	at com.kms.katalon.core.webui.keyword.WebUiBuiltInKeywords$click$2.call(Unknown Source)
	at FAQ Management - Edit FAQ.run(FAQ Management - Edit FAQ:54)
	at com.kms.katalon.core.main.ScriptEngine.run(ScriptEngine.java:194)
	at com.kms.katalon.core.main.ScriptEngine.runScriptAsRawText(ScriptEngine.java:119)
	at com.kms.katalon.core.main.TestCaseExecutor.runScript(TestCaseExecutor.java:337)
	at com.kms.katalon.core.main.TestCaseExecutor.doExecute(TestCaseExecutor.java:328)
	at com.kms.katalon.core.main.TestCaseExecutor.processExecutionPhase(TestCaseExecutor.java:307)
	at com.kms.katalon.core.main.TestCaseExecutor.accessMainPhase(TestCaseExecutor.java:299)
	at com.kms.katalon.core.main.TestCaseExecutor.execute(TestCaseExecutor.java:233)
	at com.kms.katalon.core.main.TestSuiteExecutor.accessTestCaseMainPhase(TestSuiteExecutor.java:169)
	at com.kms.katalon.core.main.TestSuiteExecutor.accessTestSuiteMainPhase(TestSuiteExecutor.java:142)
	at com.kms.katalon.core.main.TestSuiteExecutor.execute(TestSuiteExecutor.java:91)
	at com.kms.katalon.core.main.TestCaseMain.startTestSuite(TestCaseMain.java:157)
	at com.kms.katalon.core.main.TestCaseMain$startTestSuite$0.call(Unknown Source)
	at TempTestSuite1590740927390.run(TempTestSuite1590740927390.groovy:36)
Caused by: com.kms.katalon.core.webui.exception.WebElementNotFoundException: Web element with id: 'Object Repository/Rizka/FAQ Management/btnSettings' located by 'By.xpath: //i[@class = 'wi-plus']' not found
	at com.kms.katalon.core.webui.common.WebUiCommonHelper.findWebElement(WebUiCommonHelper.java:1154)
	at com.kms.katalon.core.webui.keyword.internal.WebUIAbstractKeyword.findWebElement(WebUIAbstractKeyword.groovy:27)
	at com.kms.katalon.core.webui.keyword.internal.WebUIAbstractKeyword.findWebElement(WebUIAbstractKeyword.groovy:26)
	at com.kms.katalon.core.webui.keyword.builtin.ClickKeyword$_click_closure1.doCall(ClickKeyword.groovy:67)
	at com.kms.katalon.core.webui.keyword.builtin.ClickKeyword$_click_closure1.call(ClickKeyword.groovy)
	at com.kms.katalon.core.webui.keyword.internal.WebUIKeywordMain.runKeyword(WebUIKeywordMain.groovy:20)
	... 19 more]]></system-out>
      <system-err><![CDATA[2020-05-29 15:28:59 - [TEST_SUITE][FAILED] - FAQ Management: Test Cases/Rizka/FAQ Management/FAQ Management - Edit FAQ FAILED.
Reason:
com.kms.katalon.core.exception.StepFailedException: Unable to click on object 'Object Repository/Rizka/FAQ Management/btnSettings'
	at com.kms.katalon.core.webui.keyword.internal.WebUIKeywordMain.stepFailed(WebUIKeywordMain.groovy:64)
	at com.kms.katalon.core.webui.keyword.internal.WebUIKeywordMain.runKeyword(WebUIKeywordMain.groovy:26)
	at com.kms.katalon.core.webui.keyword.builtin.ClickKeyword.click(ClickKeyword.groovy:102)
	at com.kms.katalon.core.webui.keyword.builtin.ClickKeyword.execute(ClickKeyword.groovy:43)
	at com.kms.katalon.core.keyword.internal.KeywordExecutor.executeKeywordForPlatform(KeywordExecutor.groovy:72)
	at com.kms.katalon.core.webui.keyword.WebUiBuiltInKeywords.click(WebUiBuiltInKeywords.groovy:616)
	at com.kms.katalon.core.webui.keyword.WebUiBuiltInKeywords$click$2.call(Unknown Source)
	at FAQ Management - Edit FAQ.run(FAQ Management - Edit FAQ:54)
	at com.kms.katalon.core.main.ScriptEngine.run(ScriptEngine.java:194)
	at com.kms.katalon.core.main.ScriptEngine.runScriptAsRawText(ScriptEngine.java:119)
	at com.kms.katalon.core.main.TestCaseExecutor.runScript(TestCaseExecutor.java:337)
	at com.kms.katalon.core.main.TestCaseExecutor.doExecute(TestCaseExecutor.java:328)
	at com.kms.katalon.core.main.TestCaseExecutor.processExecutionPhase(TestCaseExecutor.java:307)
	at com.kms.katalon.core.main.TestCaseExecutor.accessMainPhase(TestCaseExecutor.java:299)
	at com.kms.katalon.core.main.TestCaseExecutor.execute(TestCaseExecutor.java:233)
	at com.kms.katalon.core.main.TestSuiteExecutor.accessTestCaseMainPhase(TestSuiteExecutor.java:169)
	at com.kms.katalon.core.main.TestSuiteExecutor.accessTestSuiteMainPhase(TestSuiteExecutor.java:142)
	at com.kms.katalon.core.main.TestSuiteExecutor.execute(TestSuiteExecutor.java:91)
	at com.kms.katalon.core.main.TestCaseMain.startTestSuite(TestCaseMain.java:157)
	at com.kms.katalon.core.main.TestCaseMain$startTestSuite$0.call(Unknown Source)
	at TempTestSuite1590740927390.run(TempTestSuite1590740927390.groovy:36)
Caused by: com.kms.katalon.core.webui.exception.WebElementNotFoundException: Web element with id: 'Object Repository/Rizka/FAQ Management/btnSettings' located by 'By.xpath: //i[@class = 'wi-plus']' not found
	at com.kms.katalon.core.webui.common.WebUiCommonHelper.findWebElement(WebUiCommonHelper.java:1154)
	at com.kms.katalon.core.webui.keyword.internal.WebUIAbstractKeyword.findWebElement(WebUIAbstractKeyword.groovy:27)
	at com.kms.katalon.core.webui.keyword.internal.WebUIAbstractKeyword.findWebElement(WebUIAbstractKeyword.groovy:26)
	at com.kms.katalon.core.webui.keyword.builtin.ClickKeyword$_click_closure1.doCall(ClickKeyword.groovy:67)
	at com.kms.katalon.core.webui.keyword.builtin.ClickKeyword$_click_closure1.call(ClickKeyword.groovy)
	at com.kms.katalon.core.webui.keyword.internal.WebUIKeywordMain.runKeyword(WebUIKeywordMain.groovy:20)
	... 19 more]]></system-err>
   </testsuite>
</testsuites>
