<?xml version="1.0" encoding="UTF-8"?>
<testsuites name="Reward Management - Reward Master List" time="321.556" tests="6" failures="2" errors="0">
   <testsuite name="Reward Management - Reward Master List" tests="6" failures="2" errors="0" time="321.556" timestamp="2020-05-29 19:27:32" hostname="ASUS - LAPTOP-D0TPACJ1" id="Test Suites/Christi/Reward Management - Reward Master List">
      <properties>
         <property name="deviceName" value=""/>
         <property name="devicePlatform" value=""/>
         <property name="logFolder" value="C:\\Users\\ASUS\\git\\HunterCMS\\Reports\\20200529_192717\\Christi\\Reward Management - Reward Master List\\20200529_192717"/>
         <property name="logFiles" value="C:\\Users\\ASUS\\git\\HunterCMS\\Reports\\20200529_192717\\Christi\\Reward Management - Reward Master List\\20200529_192717\\execution0.log"/>
         <property name="attachments" value="C:\\Users\\ASUS\\git\\HunterCMS\\Reports\\20200529_192717\\Christi\\Reward Management - Reward Master List\\20200529_192717\\1590755312464.png, C:\\Users\\ASUS\\git\\HunterCMS\\Reports\\20200529_192717\\Christi\\Reward Management - Reward Master List\\20200529_192717\\1590755312968.png, C:\\Users\\ASUS\\git\\HunterCMS\\Reports\\20200529_192717\\Christi\\Reward Management - Reward Master List\\20200529_192717\\1590755368161.png, C:\\Users\\ASUS\\git\\HunterCMS\\Reports\\20200529_192717\\Christi\\Reward Management - Reward Master List\\20200529_192717\\1590755368501.png"/>
         <property name="hostName" value="ASUS - LAPTOP-D0TPACJ1"/>
         <property name="os" value="Windows 10 64bit"/>
         <property name="katalonVersion" value="7.0.10.1"/>
         <property name="browser" value="Chrome 83.0.4103.61"/>
         <property name="hostAddress" value="192.168.100.227"/>
         <property name="sessionId" value="e824d5218a724167071559293f243930"/>
         <property name="seleniumVersion" value="3.141.59"/>
         <property name="proxyInformation" value="ProxyInformation{proxyOption=NO_PROXY, proxyServerType=HTTP, password=, proxyServerAddress=, proxyServerPort=0}"/>
         <property name="platform" value="Windows 10"/>
      </properties>
      <testcase name="Test Cases/Christi/edit reward" time="59.474" classname="Test Cases/Christi/edit reward" status="FAILED">
         <failure type="FAILED" message="Test Cases/Christi/edit reward FAILED.
Reason:
com.kms.katalon.core.exception.StepFailedException: Unable to verify object 'Object Repository/Christi/Page_Dashboard/p_Nama tidak boleh kosong' is present
	at com.kms.katalon.core.webui.keyword.internal.WebUIKeywordMain.stepFailed(WebUIKeywordMain.groovy:64)
	at com.kms.katalon.core.webui.keyword.internal.WebUIKeywordMain.runKeyword(WebUIKeywordMain.groovy:26)
	at com.kms.katalon.core.webui.keyword.builtin.VerifyElementPresentKeyword.verifyElementPresent(VerifyElementPresentKeyword.groovy:92)
	at com.kms.katalon.core.webui.keyword.builtin.VerifyElementPresentKeyword.execute(VerifyElementPresentKeyword.groovy:68)
	at com.kms.katalon.core.keyword.internal.KeywordExecutor.executeKeywordForPlatform(KeywordExecutor.groovy:60)
	at com.kms.katalon.core.webui.keyword.WebUiBuiltInKeywords.verifyElementPresent(WebUiBuiltInKeywords.groovy:1434)
	at com.kms.katalon.core.webui.keyword.WebUiBuiltInKeywords$verifyElementPresent$4.call(Unknown Source)
	at edit reward.run(edit reward:83)
	at com.kms.katalon.core.main.ScriptEngine.run(ScriptEngine.java:194)
	at com.kms.katalon.core.main.ScriptEngine.runScriptAsRawText(ScriptEngine.java:119)
	at com.kms.katalon.core.main.TestCaseExecutor.runScript(TestCaseExecutor.java:337)
	at com.kms.katalon.core.main.TestCaseExecutor.doExecute(TestCaseExecutor.java:328)
	at com.kms.katalon.core.main.TestCaseExecutor.processExecutionPhase(TestCaseExecutor.java:307)
	at com.kms.katalon.core.main.TestCaseExecutor.accessMainPhase(TestCaseExecutor.java:299)
	at com.kms.katalon.core.main.TestCaseExecutor.execute(TestCaseExecutor.java:233)
	at com.kms.katalon.core.main.TestSuiteExecutor.accessTestCaseMainPhase(TestSuiteExecutor.java:169)
	at com.kms.katalon.core.main.TestSuiteExecutor.accessTestSuiteMainPhase(TestSuiteExecutor.java:142)
	at com.kms.katalon.core.main.TestSuiteExecutor.execute(TestSuiteExecutor.java:91)
	at com.kms.katalon.core.main.TestCaseMain.startTestSuite(TestCaseMain.java:157)
	at com.kms.katalon.core.main.TestCaseMain$startTestSuite$0.call(Unknown Source)
	at TempTestSuite1590755238008.run(TempTestSuite1590755238008.groovy:36)
Caused by: com.kms.katalon.core.exception.StepFailedException: com.kms.katalon.core.webui.exception.WebElementNotFoundException: Web element with id: 'Object Repository/Christi/Page_Dashboard/p_Nama tidak boleh kosong' located by 'By.xpath: //*[@name = 'messageAddReward' and (text() = 'Nama tidak boleh kosong×' or . = 'Nama tidak boleh kosong×')]' not found
	at com.kms.katalon.core.webui.keyword.internal.WebUIKeywordMain.stepFailed(WebUIKeywordMain.groovy:64)
	at com.kms.katalon.core.webui.keyword.builtin.VerifyElementPresentKeyword$_verifyElementPresent_closure1.doCall(VerifyElementPresentKeyword.groovy:85)
	at com.kms.katalon.core.webui.keyword.builtin.VerifyElementPresentKeyword$_verifyElementPresent_closure1.call(VerifyElementPresentKeyword.groovy)
	at com.kms.katalon.core.webui.keyword.internal.WebUIKeywordMain.runKeyword(WebUIKeywordMain.groovy:20)
	... 19 more
"/>
         <system-out><![CDATA[2020-05-29 19:27:33 - [TEST_CASE][FAILED] - Test Cases/Christi/edit reward: Test Cases/Christi/edit reward FAILED.
Reason:
com.kms.katalon.core.exception.StepFailedException: Unable to verify object 'Object Repository/Christi/Page_Dashboard/p_Nama tidak boleh kosong' is present
	at com.kms.katalon.core.webui.keyword.internal.WebUIKeywordMain.stepFailed(WebUIKeywordMain.groovy:64)
	at com.kms.katalon.core.webui.keyword.internal.WebUIKeywordMain.runKeyword(WebUIKeywordMain.groovy:26)
	at com.kms.katalon.core.webui.keyword.builtin.VerifyElementPresentKeyword.verifyElementPresent(VerifyElementPresentKeyword.groovy:92)
	at com.kms.katalon.core.webui.keyword.builtin.VerifyElementPresentKeyword.execute(VerifyElementPresentKeyword.groovy:68)
	at com.kms.katalon.core.keyword.internal.KeywordExecutor.executeKeywordForPlatform(KeywordExecutor.groovy:60)
	at com.kms.katalon.core.webui.keyword.WebUiBuiltInKeywords.verifyElementPresent(WebUiBuiltInKeywords.groovy:1434)
	at com.kms.katalon.core.webui.keyword.WebUiBuiltInKeywords$verifyElementPresent$4.call(Unknown Source)
	at edit reward.run(edit reward:83)
	at com.kms.katalon.core.main.ScriptEngine.run(ScriptEngine.java:194)
	at com.kms.katalon.core.main.ScriptEngine.runScriptAsRawText(ScriptEngine.java:119)
	at com.kms.katalon.core.main.TestCaseExecutor.runScript(TestCaseExecutor.java:337)
	at com.kms.katalon.core.main.TestCaseExecutor.doExecute(TestCaseExecutor.java:328)
	at com.kms.katalon.core.main.TestCaseExecutor.processExecutionPhase(TestCaseExecutor.java:307)
	at com.kms.katalon.core.main.TestCaseExecutor.accessMainPhase(TestCaseExecutor.java:299)
	at com.kms.katalon.core.main.TestCaseExecutor.execute(TestCaseExecutor.java:233)
	at com.kms.katalon.core.main.TestSuiteExecutor.accessTestCaseMainPhase(TestSuiteExecutor.java:169)
	at com.kms.katalon.core.main.TestSuiteExecutor.accessTestSuiteMainPhase(TestSuiteExecutor.java:142)
	at com.kms.katalon.core.main.TestSuiteExecutor.execute(TestSuiteExecutor.java:91)
	at com.kms.katalon.core.main.TestCaseMain.startTestSuite(TestCaseMain.java:157)
	at com.kms.katalon.core.main.TestCaseMain$startTestSuite$0.call(Unknown Source)
	at TempTestSuite1590755238008.run(TempTestSuite1590755238008.groovy:36)
Caused by: com.kms.katalon.core.exception.StepFailedException: com.kms.katalon.core.webui.exception.WebElementNotFoundException: Web element with id: 'Object Repository/Christi/Page_Dashboard/p_Nama tidak boleh kosong' located by 'By.xpath: //*[@name = 'messageAddReward' and (text() = 'Nama tidak boleh kosong×' or . = 'Nama tidak boleh kosong×')]' not found
	at com.kms.katalon.core.webui.keyword.internal.WebUIKeywordMain.stepFailed(WebUIKeywordMain.groovy:64)
	at com.kms.katalon.core.webui.keyword.builtin.VerifyElementPresentKeyword$_verifyElementPresent_closure1.doCall(VerifyElementPresentKeyword.groovy:85)
	at com.kms.katalon.core.webui.keyword.builtin.VerifyElementPresentKeyword$_verifyElementPresent_closure1.call(VerifyElementPresentKeyword.groovy)
	at com.kms.katalon.core.webui.keyword.internal.WebUIKeywordMain.runKeyword(WebUIKeywordMain.groovy:20)
	... 19 more


2020-05-29 19:27:36 - [TEST_STEP][PASSED] - callTestCase(findTestCase("Christi/Login"), ["username":"admin@mail.com", "password":"Password1#"], STOP_ON_FAILURE): Call Test Case 'Test Cases/Christi/Login' successfully

2020-05-29 19:27:36 - [TEST_CASE][PASSED] - Test Cases/Christi/Login: Test Cases/Christi/Login

2020-05-29 19:27:37 - [TEST_STEP][PASSED] - openBrowser(""): Browser is opened with url: ''

2020-05-29 19:27:37 - [MESSAGE][INFO] - Starting 'Chrome' driver

2020-05-29 19:27:37 - [MESSAGE][INFO] - Action delay is set to 0 seconds

2020-05-29 19:27:44 - [MESSAGE][PASSED] - Browser is opened with url: ''

2020-05-29 19:27:44 - [TEST_STEP][PASSED] - navigateToUrl("https://appsrv1.deltadatamandiri.com/ACC_Hunter_Web/#/S19n1n"): Navigate to 'https://appsrv1.deltadatamandiri.com/ACC_Hunter_Web/#/S19n1n' successfully

2020-05-29 19:27:55 - [MESSAGE][PASSED] - Navigate to 'https://appsrv1.deltadatamandiri.com/ACC_Hunter_Web/#/S19n1n' successfully

2020-05-29 19:27:55 - [TEST_STEP][PASSED] - setText(findTestObject("Christi/Page_Sign In/input_username"), username): Text 'admin@mail.com' is set on object 'Object Repository/Christi/Page_Sign In/input_username'

2020-05-29 19:28:00 - [MESSAGE][PASSED] - Text 'admin@mail.com' is set on object 'Object Repository/Christi/Page_Sign In/input_username'

2020-05-29 19:28:00 - [TEST_STEP][PASSED] - setText(findTestObject("Christi/Page_Sign In/input_password"), password): Text 'Password1#' is set on object 'Object Repository/Christi/Page_Sign In/input_password'

2020-05-29 19:28:01 - [MESSAGE][PASSED] - Text 'Password1#' is set on object 'Object Repository/Christi/Page_Sign In/input_password'

2020-05-29 19:28:01 - [TEST_STEP][PASSED] - click(findTestObject("Christi/Page_Sign In/span_Sign In")): Object: 'Object Repository/Christi/Page_Sign In/span_Sign In' is clicked on

2020-05-29 19:28:02 - [MESSAGE][PASSED] - Object: 'Object Repository/Christi/Page_Sign In/span_Sign In' is clicked on

2020-05-29 19:28:02 - [MESSAGE][PASSED] - Call Test Case 'Test Cases/Christi/Login' successfully

2020-05-29 19:28:02 - [TEST_STEP][PASSED] - delay(3): Delayed 3 second(s)

2020-05-29 19:28:05 - [MESSAGE][PASSED] - Delayed 3 second(s)

2020-05-29 19:28:05 - [TEST_STEP][PASSED] - click(findTestObject("Object Repository/Christi/Page_Main/img_Manage Gamification_picture8")): Object: 'Object Repository/Christi/Page_Main/img_Manage Gamification_picture8' is clicked on

2020-05-29 19:28:09 - [MESSAGE][PASSED] - Object: 'Object Repository/Christi/Page_Main/img_Manage Gamification_picture8' is clicked on

2020-05-29 19:28:09 - [TEST_STEP][PASSED] - delay(3): Delayed 3 second(s)

2020-05-29 19:28:12 - [MESSAGE][PASSED] - Delayed 3 second(s)

2020-05-29 19:28:12 - [TEST_STEP][PASSED] - click(findTestObject("Christi/Page_Dashboard/img_Jam dinding_picture5")): Object: 'Object Repository/Christi/Page_Dashboard/img_Jam dinding_picture5' is clicked on

2020-05-29 19:28:20 - [MESSAGE][PASSED] - Object: 'Object Repository/Christi/Page_Dashboard/img_Jam dinding_picture5' is clicked on

2020-05-29 19:28:20 - [TEST_STEP][PASSED] - switch (edit.toString()): null

2020-05-29 19:28:20 - [TEST_STEP][PASSED] - case "nama reward":: null

2020-05-29 19:28:20 - [TEST_STEP][PASSED] - if (nama_reward_baru == "erase"): Text of object 'Object Repository/Christi/Page_Dashboard/input_edit _nama_reward' is cleared

2020-05-29 19:28:20 - [TEST_STEP][PASSED] - clearText(findTestObject("Christi/Page_Dashboard/input_edit _nama_reward")): Text of object 'Object Repository/Christi/Page_Dashboard/input_edit _nama_reward' is cleared

2020-05-29 19:28:21 - [MESSAGE][PASSED] - Text of object 'Object Repository/Christi/Page_Dashboard/input_edit _nama_reward' is cleared

2020-05-29 19:28:21 - [TEST_STEP][PASSED] - break: null

2020-05-29 19:28:21 - [TEST_STEP][PASSED] - delay(3): Delayed 3 second(s)

2020-05-29 19:28:24 - [MESSAGE][PASSED] - Delayed 3 second(s)

2020-05-29 19:28:24 - [TEST_STEP][PASSED] - click(findTestObject("Christi/Page_Dashboard/span_Simpan")): Object: 'Object Repository/Christi/Page_Dashboard/span_Simpan' is clicked on

2020-05-29 19:28:24 - [MESSAGE][PASSED] - Object: 'Object Repository/Christi/Page_Dashboard/span_Simpan' is clicked on

2020-05-29 19:28:24 - [TEST_STEP][PASSED] - if (expected == "pass"): null

2020-05-29 19:28:24 - [TEST_STEP][FAILED] - else if (expected == "fail"): Unable to verify object 'Object Repository/Christi/Page_Dashboard/p_Nama tidak boleh kosong' is present (Root cause: com.kms.katalon.core.exception.StepFailedException: Unable to verify object 'Object Repository/Christi/Page_Dashboard/p_Nama tidak boleh kosong' is present
	at com.kms.katalon.core.webui.keyword.internal.WebUIKeywordMain.stepFailed(WebUIKeywordMain.groovy:64)
	at com.kms.katalon.core.webui.keyword.internal.WebUIKeywordMain.runKeyword(WebUIKeywordMain.groovy:26)
	at com.kms.katalon.core.webui.keyword.builtin.VerifyElementPresentKeyword.verifyElementPresent(VerifyElementPresentKeyword.groovy:92)
	at com.kms.katalon.core.webui.keyword.builtin.VerifyElementPresentKeyword.execute(VerifyElementPresentKeyword.groovy:68)
	at com.kms.katalon.core.keyword.internal.KeywordExecutor.executeKeywordForPlatform(KeywordExecutor.groovy:60)
	at com.kms.katalon.core.webui.keyword.WebUiBuiltInKeywords.verifyElementPresent(WebUiBuiltInKeywords.groovy:1434)
	at com.kms.katalon.core.webui.keyword.WebUiBuiltInKeywords$verifyElementPresent$4.call(Unknown Source)
	at edit reward.run(edit reward:83)
	at com.kms.katalon.core.main.ScriptEngine.run(ScriptEngine.java:194)
	at com.kms.katalon.core.main.ScriptEngine.runScriptAsRawText(ScriptEngine.java:119)
	at com.kms.katalon.core.main.TestCaseExecutor.runScript(TestCaseExecutor.java:337)
	at com.kms.katalon.core.main.TestCaseExecutor.doExecute(TestCaseExecutor.java:328)
	at com.kms.katalon.core.main.TestCaseExecutor.processExecutionPhase(TestCaseExecutor.java:307)
	at com.kms.katalon.core.main.TestCaseExecutor.accessMainPhase(TestCaseExecutor.java:299)
	at com.kms.katalon.core.main.TestCaseExecutor.execute(TestCaseExecutor.java:233)
	at com.kms.katalon.core.main.TestSuiteExecutor.accessTestCaseMainPhase(TestSuiteExecutor.java:169)
	at com.kms.katalon.core.main.TestSuiteExecutor.accessTestSuiteMainPhase(TestSuiteExecutor.java:142)
	at com.kms.katalon.core.main.TestSuiteExecutor.execute(TestSuiteExecutor.java:91)
	at com.kms.katalon.core.main.TestCaseMain.startTestSuite(TestCaseMain.java:157)
	at com.kms.katalon.core.main.TestCaseMain$startTestSuite$0.call(Unknown Source)
	at TempTestSuite1590755238008.run(TempTestSuite1590755238008.groovy:36)
Caused by: com.kms.katalon.core.exception.StepFailedException: com.kms.katalon.core.webui.exception.WebElementNotFoundException: Web element with id: 'Object Repository/Christi/Page_Dashboard/p_Nama tidak boleh kosong' located by 'By.xpath: //*[@name = 'messageAddReward' and (text() = 'Nama tidak boleh kosong×' or . = 'Nama tidak boleh kosong×')]' not found
	at com.kms.katalon.core.webui.keyword.internal.WebUIKeywordMain.stepFailed(WebUIKeywordMain.groovy:64)
	at com.kms.katalon.core.webui.keyword.builtin.VerifyElementPresentKeyword$_verifyElementPresent_closure1.doCall(VerifyElementPresentKeyword.groovy:85)
	at com.kms.katalon.core.webui.keyword.builtin.VerifyElementPresentKeyword$_verifyElementPresent_closure1.call(VerifyElementPresentKeyword.groovy)
	at com.kms.katalon.core.webui.keyword.internal.WebUIKeywordMain.runKeyword(WebUIKeywordMain.groovy:20)
	... 19 more
)

2020-05-29 19:28:24 - [TEST_STEP][FAILED] - switch (alert.toString()): Unable to verify object 'Object Repository/Christi/Page_Dashboard/p_Nama tidak boleh kosong' is present (Root cause: com.kms.katalon.core.exception.StepFailedException: Unable to verify object 'Object Repository/Christi/Page_Dashboard/p_Nama tidak boleh kosong' is present
	at com.kms.katalon.core.webui.keyword.internal.WebUIKeywordMain.stepFailed(WebUIKeywordMain.groovy:64)
	at com.kms.katalon.core.webui.keyword.internal.WebUIKeywordMain.runKeyword(WebUIKeywordMain.groovy:26)
	at com.kms.katalon.core.webui.keyword.builtin.VerifyElementPresentKeyword.verifyElementPresent(VerifyElementPresentKeyword.groovy:92)
	at com.kms.katalon.core.webui.keyword.builtin.VerifyElementPresentKeyword.execute(VerifyElementPresentKeyword.groovy:68)
	at com.kms.katalon.core.keyword.internal.KeywordExecutor.executeKeywordForPlatform(KeywordExecutor.groovy:60)
	at com.kms.katalon.core.webui.keyword.WebUiBuiltInKeywords.verifyElementPresent(WebUiBuiltInKeywords.groovy:1434)
	at com.kms.katalon.core.webui.keyword.WebUiBuiltInKeywords$verifyElementPresent$4.call(Unknown Source)
	at edit reward.run(edit reward:83)
	at com.kms.katalon.core.main.ScriptEngine.run(ScriptEngine.java:194)
	at com.kms.katalon.core.main.ScriptEngine.runScriptAsRawText(ScriptEngine.java:119)
	at com.kms.katalon.core.main.TestCaseExecutor.runScript(TestCaseExecutor.java:337)
	at com.kms.katalon.core.main.TestCaseExecutor.doExecute(TestCaseExecutor.java:328)
	at com.kms.katalon.core.main.TestCaseExecutor.processExecutionPhase(TestCaseExecutor.java:307)
	at com.kms.katalon.core.main.TestCaseExecutor.accessMainPhase(TestCaseExecutor.java:299)
	at com.kms.katalon.core.main.TestCaseExecutor.execute(TestCaseExecutor.java:233)
	at com.kms.katalon.core.main.TestSuiteExecutor.accessTestCaseMainPhase(TestSuiteExecutor.java:169)
	at com.kms.katalon.core.main.TestSuiteExecutor.accessTestSuiteMainPhase(TestSuiteExecutor.java:142)
	at com.kms.katalon.core.main.TestSuiteExecutor.execute(TestSuiteExecutor.java:91)
	at com.kms.katalon.core.main.TestCaseMain.startTestSuite(TestCaseMain.java:157)
	at com.kms.katalon.core.main.TestCaseMain$startTestSuite$0.call(Unknown Source)
	at TempTestSuite1590755238008.run(TempTestSuite1590755238008.groovy:36)
Caused by: com.kms.katalon.core.exception.StepFailedException: com.kms.katalon.core.webui.exception.WebElementNotFoundException: Web element with id: 'Object Repository/Christi/Page_Dashboard/p_Nama tidak boleh kosong' located by 'By.xpath: //*[@name = 'messageAddReward' and (text() = 'Nama tidak boleh kosong×' or . = 'Nama tidak boleh kosong×')]' not found
	at com.kms.katalon.core.webui.keyword.internal.WebUIKeywordMain.stepFailed(WebUIKeywordMain.groovy:64)
	at com.kms.katalon.core.webui.keyword.builtin.VerifyElementPresentKeyword$_verifyElementPresent_closure1.doCall(VerifyElementPresentKeyword.groovy:85)
	at com.kms.katalon.core.webui.keyword.builtin.VerifyElementPresentKeyword$_verifyElementPresent_closure1.call(VerifyElementPresentKeyword.groovy)
	at com.kms.katalon.core.webui.keyword.internal.WebUIKeywordMain.runKeyword(WebUIKeywordMain.groovy:20)
	... 19 more
)

2020-05-29 19:28:25 - [TEST_STEP][FAILED] - case "nama kosong":: Unable to verify object 'Object Repository/Christi/Page_Dashboard/p_Nama tidak boleh kosong' is present (Root cause: com.kms.katalon.core.exception.StepFailedException: Unable to verify object 'Object Repository/Christi/Page_Dashboard/p_Nama tidak boleh kosong' is present
	at com.kms.katalon.core.webui.keyword.internal.WebUIKeywordMain.stepFailed(WebUIKeywordMain.groovy:64)
	at com.kms.katalon.core.webui.keyword.internal.WebUIKeywordMain.runKeyword(WebUIKeywordMain.groovy:26)
	at com.kms.katalon.core.webui.keyword.builtin.VerifyElementPresentKeyword.verifyElementPresent(VerifyElementPresentKeyword.groovy:92)
	at com.kms.katalon.core.webui.keyword.builtin.VerifyElementPresentKeyword.execute(VerifyElementPresentKeyword.groovy:68)
	at com.kms.katalon.core.keyword.internal.KeywordExecutor.executeKeywordForPlatform(KeywordExecutor.groovy:60)
	at com.kms.katalon.core.webui.keyword.WebUiBuiltInKeywords.verifyElementPresent(WebUiBuiltInKeywords.groovy:1434)
	at com.kms.katalon.core.webui.keyword.WebUiBuiltInKeywords$verifyElementPresent$4.call(Unknown Source)
	at edit reward.run(edit reward:83)
	at com.kms.katalon.core.main.ScriptEngine.run(ScriptEngine.java:194)
	at com.kms.katalon.core.main.ScriptEngine.runScriptAsRawText(ScriptEngine.java:119)
	at com.kms.katalon.core.main.TestCaseExecutor.runScript(TestCaseExecutor.java:337)
	at com.kms.katalon.core.main.TestCaseExecutor.doExecute(TestCaseExecutor.java:328)
	at com.kms.katalon.core.main.TestCaseExecutor.processExecutionPhase(TestCaseExecutor.java:307)
	at com.kms.katalon.core.main.TestCaseExecutor.accessMainPhase(TestCaseExecutor.java:299)
	at com.kms.katalon.core.main.TestCaseExecutor.execute(TestCaseExecutor.java:233)
	at com.kms.katalon.core.main.TestSuiteExecutor.accessTestCaseMainPhase(TestSuiteExecutor.java:169)
	at com.kms.katalon.core.main.TestSuiteExecutor.accessTestSuiteMainPhase(TestSuiteExecutor.java:142)
	at com.kms.katalon.core.main.TestSuiteExecutor.execute(TestSuiteExecutor.java:91)
	at com.kms.katalon.core.main.TestCaseMain.startTestSuite(TestCaseMain.java:157)
	at com.kms.katalon.core.main.TestCaseMain$startTestSuite$0.call(Unknown Source)
	at TempTestSuite1590755238008.run(TempTestSuite1590755238008.groovy:36)
Caused by: com.kms.katalon.core.exception.StepFailedException: com.kms.katalon.core.webui.exception.WebElementNotFoundException: Web element with id: 'Object Repository/Christi/Page_Dashboard/p_Nama tidak boleh kosong' located by 'By.xpath: //*[@name = 'messageAddReward' and (text() = 'Nama tidak boleh kosong×' or . = 'Nama tidak boleh kosong×')]' not found
	at com.kms.katalon.core.webui.keyword.internal.WebUIKeywordMain.stepFailed(WebUIKeywordMain.groovy:64)
	at com.kms.katalon.core.webui.keyword.builtin.VerifyElementPresentKeyword$_verifyElementPresent_closure1.doCall(VerifyElementPresentKeyword.groovy:85)
	at com.kms.katalon.core.webui.keyword.builtin.VerifyElementPresentKeyword$_verifyElementPresent_closure1.call(VerifyElementPresentKeyword.groovy)
	at com.kms.katalon.core.webui.keyword.internal.WebUIKeywordMain.runKeyword(WebUIKeywordMain.groovy:20)
	... 19 more
)

2020-05-29 19:28:25 - [TEST_STEP][PASSED] - delay(3): Delayed 3 second(s)

2020-05-29 19:28:28 - [MESSAGE][PASSED] - Delayed 3 second(s)

2020-05-29 19:28:28 - [TEST_STEP][FAILED] - verifyElementPresent(findTestObject("Christi/Page_Dashboard/p_Nama tidak boleh kosong"), 3): Unable to verify object 'Object Repository/Christi/Page_Dashboard/p_Nama tidak boleh kosong' is present (Root cause: com.kms.katalon.core.exception.StepFailedException: Unable to verify object 'Object Repository/Christi/Page_Dashboard/p_Nama tidak boleh kosong' is present
	at com.kms.katalon.core.webui.keyword.internal.WebUIKeywordMain.stepFailed(WebUIKeywordMain.groovy:64)
	at com.kms.katalon.core.webui.keyword.internal.WebUIKeywordMain.runKeyword(WebUIKeywordMain.groovy:26)
	at com.kms.katalon.core.webui.keyword.builtin.VerifyElementPresentKeyword.verifyElementPresent(VerifyElementPresentKeyword.groovy:92)
	at com.kms.katalon.core.webui.keyword.builtin.VerifyElementPresentKeyword.execute(VerifyElementPresentKeyword.groovy:68)
	at com.kms.katalon.core.keyword.internal.KeywordExecutor.executeKeywordForPlatform(KeywordExecutor.groovy:60)
	at com.kms.katalon.core.webui.keyword.WebUiBuiltInKeywords.verifyElementPresent(WebUiBuiltInKeywords.groovy:1434)
	at com.kms.katalon.core.webui.keyword.WebUiBuiltInKeywords$verifyElementPresent$4.call(Unknown Source)
	at edit reward.run(edit reward:83)
	at com.kms.katalon.core.main.ScriptEngine.run(ScriptEngine.java:194)
	at com.kms.katalon.core.main.ScriptEngine.runScriptAsRawText(ScriptEngine.java:119)
	at com.kms.katalon.core.main.TestCaseExecutor.runScript(TestCaseExecutor.java:337)
	at com.kms.katalon.core.main.TestCaseExecutor.doExecute(TestCaseExecutor.java:328)
	at com.kms.katalon.core.main.TestCaseExecutor.processExecutionPhase(TestCaseExecutor.java:307)
	at com.kms.katalon.core.main.TestCaseExecutor.accessMainPhase(TestCaseExecutor.java:299)
	at com.kms.katalon.core.main.TestCaseExecutor.execute(TestCaseExecutor.java:233)
	at com.kms.katalon.core.main.TestSuiteExecutor.accessTestCaseMainPhase(TestSuiteExecutor.java:169)
	at com.kms.katalon.core.main.TestSuiteExecutor.accessTestSuiteMainPhase(TestSuiteExecutor.java:142)
	at com.kms.katalon.core.main.TestSuiteExecutor.execute(TestSuiteExecutor.java:91)
	at com.kms.katalon.core.main.TestCaseMain.startTestSuite(TestCaseMain.java:157)
	at com.kms.katalon.core.main.TestCaseMain$startTestSuite$0.call(Unknown Source)
	at TempTestSuite1590755238008.run(TempTestSuite1590755238008.groovy:36)
Caused by: com.kms.katalon.core.exception.StepFailedException: com.kms.katalon.core.webui.exception.WebElementNotFoundException: Web element with id: 'Object Repository/Christi/Page_Dashboard/p_Nama tidak boleh kosong' located by 'By.xpath: //*[@name = 'messageAddReward' and (text() = 'Nama tidak boleh kosong×' or . = 'Nama tidak boleh kosong×')]' not found
	at com.kms.katalon.core.webui.keyword.internal.WebUIKeywordMain.stepFailed(WebUIKeywordMain.groovy:64)
	at com.kms.katalon.core.webui.keyword.builtin.VerifyElementPresentKeyword$_verifyElementPresent_closure1.doCall(VerifyElementPresentKeyword.groovy:85)
	at com.kms.katalon.core.webui.keyword.builtin.VerifyElementPresentKeyword$_verifyElementPresent_closure1.call(VerifyElementPresentKeyword.groovy)
	at com.kms.katalon.core.webui.keyword.internal.WebUIKeywordMain.runKeyword(WebUIKeywordMain.groovy:20)
	... 19 more
)

2020-05-29 19:28:32 - [MESSAGE][INFO] - Unable to find the element located by 'By.xpath: //*[@name = 'messageAddReward' and (text() = 'Nama tidak boleh kosong×' or . = 'Nama tidak boleh kosong×')]'. Please recheck the objects properties to make sure the desired element is located. 

2020-05-29 19:28:32 - [MESSAGE][FAILED] - com.kms.katalon.core.webui.exception.WebElementNotFoundException: Web element with id: 'Object Repository/Christi/Page_Dashboard/p_Nama tidak boleh kosong' located by 'By.xpath: //*[@name = 'messageAddReward' and (text() = 'Nama tidak boleh kosong×' or . = 'Nama tidak boleh kosong×')]' not found (Root cause: com.kms.katalon.core.exception.StepFailedException: com.kms.katalon.core.webui.exception.WebElementNotFoundException: Web element with id: 'Object Repository/Christi/Page_Dashboard/p_Nama tidak boleh kosong' located by 'By.xpath: //*[@name = 'messageAddReward' and (text() = 'Nama tidak boleh kosong×' or . = 'Nama tidak boleh kosong×')]' not found
	at com.kms.katalon.core.webui.keyword.internal.WebUIKeywordMain.stepFailed(WebUIKeywordMain.groovy:64)
	at com.kms.katalon.core.webui.keyword.builtin.VerifyElementPresentKeyword$_verifyElementPresent_closure1.doCall(VerifyElementPresentKeyword.groovy:85)
	at com.kms.katalon.core.webui.keyword.builtin.VerifyElementPresentKeyword$_verifyElementPresent_closure1.call(VerifyElementPresentKeyword.groovy)
	at com.kms.katalon.core.webui.keyword.internal.WebUIKeywordMain.runKeyword(WebUIKeywordMain.groovy:20)
	at com.kms.katalon.core.webui.keyword.builtin.VerifyElementPresentKeyword.verifyElementPresent(VerifyElementPresentKeyword.groovy:92)
	at com.kms.katalon.core.webui.keyword.builtin.VerifyElementPresentKeyword.execute(VerifyElementPresentKeyword.groovy:68)
	at com.kms.katalon.core.keyword.internal.KeywordExecutor.executeKeywordForPlatform(KeywordExecutor.groovy:60)
	at com.kms.katalon.core.webui.keyword.WebUiBuiltInKeywords.verifyElementPresent(WebUiBuiltInKeywords.groovy:1434)
	at com.kms.katalon.core.webui.keyword.WebUiBuiltInKeywords$verifyElementPresent$4.call(Unknown Source)
	at edit reward.run(edit reward:83)
	at com.kms.katalon.core.main.ScriptEngine.run(ScriptEngine.java:194)
	at com.kms.katalon.core.main.ScriptEngine.runScriptAsRawText(ScriptEngine.java:119)
	at com.kms.katalon.core.main.TestCaseExecutor.runScript(TestCaseExecutor.java:337)
	at com.kms.katalon.core.main.TestCaseExecutor.doExecute(TestCaseExecutor.java:328)
	at com.kms.katalon.core.main.TestCaseExecutor.processExecutionPhase(TestCaseExecutor.java:307)
	at com.kms.katalon.core.main.TestCaseExecutor.accessMainPhase(TestCaseExecutor.java:299)
	at com.kms.katalon.core.main.TestCaseExecutor.execute(TestCaseExecutor.java:233)
	at com.kms.katalon.core.main.TestSuiteExecutor.accessTestCaseMainPhase(TestSuiteExecutor.java:169)
	at com.kms.katalon.core.main.TestSuiteExecutor.accessTestSuiteMainPhase(TestSuiteExecutor.java:142)
	at com.kms.katalon.core.main.TestSuiteExecutor.execute(TestSuiteExecutor.java:91)
	at com.kms.katalon.core.main.TestCaseMain.startTestSuite(TestCaseMain.java:157)
	at com.kms.katalon.core.main.TestCaseMain$startTestSuite$0.call(Unknown Source)
	at TempTestSuite1590755238008.run(TempTestSuite1590755238008.groovy:36)
)
[[ATTACHMENT|C:\\Users\\ASUS\\git\\HunterCMS\\Reports\\20200529_192717\\Christi\\Reward Management - Reward Master List\\20200529_192717\\1590755312464.png]]

2020-05-29 19:28:33 - [MESSAGE][FAILED] - Unable to verify object 'Object Repository/Christi/Page_Dashboard/p_Nama tidak boleh kosong' is present (Root cause: com.kms.katalon.core.exception.StepFailedException: Unable to verify object 'Object Repository/Christi/Page_Dashboard/p_Nama tidak boleh kosong' is present
	at com.kms.katalon.core.webui.keyword.internal.WebUIKeywordMain.stepFailed(WebUIKeywordMain.groovy:64)
	at com.kms.katalon.core.webui.keyword.internal.WebUIKeywordMain.runKeyword(WebUIKeywordMain.groovy:26)
	at com.kms.katalon.core.webui.keyword.builtin.VerifyElementPresentKeyword.verifyElementPresent(VerifyElementPresentKeyword.groovy:92)
	at com.kms.katalon.core.webui.keyword.builtin.VerifyElementPresentKeyword.execute(VerifyElementPresentKeyword.groovy:68)
	at com.kms.katalon.core.keyword.internal.KeywordExecutor.executeKeywordForPlatform(KeywordExecutor.groovy:60)
	at com.kms.katalon.core.webui.keyword.WebUiBuiltInKeywords.verifyElementPresent(WebUiBuiltInKeywords.groovy:1434)
	at com.kms.katalon.core.webui.keyword.WebUiBuiltInKeywords$verifyElementPresent$4.call(Unknown Source)
	at edit reward.run(edit reward:83)
	at com.kms.katalon.core.main.ScriptEngine.run(ScriptEngine.java:194)
	at com.kms.katalon.core.main.ScriptEngine.runScriptAsRawText(ScriptEngine.java:119)
	at com.kms.katalon.core.main.TestCaseExecutor.runScript(TestCaseExecutor.java:337)
	at com.kms.katalon.core.main.TestCaseExecutor.doExecute(TestCaseExecutor.java:328)
	at com.kms.katalon.core.main.TestCaseExecutor.processExecutionPhase(TestCaseExecutor.java:307)
	at com.kms.katalon.core.main.TestCaseExecutor.accessMainPhase(TestCaseExecutor.java:299)
	at com.kms.katalon.core.main.TestCaseExecutor.execute(TestCaseExecutor.java:233)
	at com.kms.katalon.core.main.TestSuiteExecutor.accessTestCaseMainPhase(TestSuiteExecutor.java:169)
	at com.kms.katalon.core.main.TestSuiteExecutor.accessTestSuiteMainPhase(TestSuiteExecutor.java:142)
	at com.kms.katalon.core.main.TestSuiteExecutor.execute(TestSuiteExecutor.java:91)
	at com.kms.katalon.core.main.TestCaseMain.startTestSuite(TestCaseMain.java:157)
	at com.kms.katalon.core.main.TestCaseMain$startTestSuite$0.call(Unknown Source)
	at TempTestSuite1590755238008.run(TempTestSuite1590755238008.groovy:36)
Caused by: com.kms.katalon.core.exception.StepFailedException: com.kms.katalon.core.webui.exception.WebElementNotFoundException: Web element with id: 'Object Repository/Christi/Page_Dashboard/p_Nama tidak boleh kosong' located by 'By.xpath: //*[@name = 'messageAddReward' and (text() = 'Nama tidak boleh kosong×' or . = 'Nama tidak boleh kosong×')]' not found
	at com.kms.katalon.core.webui.keyword.internal.WebUIKeywordMain.stepFailed(WebUIKeywordMain.groovy:64)
	at com.kms.katalon.core.webui.keyword.builtin.VerifyElementPresentKeyword$_verifyElementPresent_closure1.doCall(VerifyElementPresentKeyword.groovy:85)
	at com.kms.katalon.core.webui.keyword.builtin.VerifyElementPresentKeyword$_verifyElementPresent_closure1.call(VerifyElementPresentKeyword.groovy)
	at com.kms.katalon.core.webui.keyword.internal.WebUIKeywordMain.runKeyword(WebUIKeywordMain.groovy:20)
	... 19 more
)
[[ATTACHMENT|C:\\Users\\ASUS\\git\\HunterCMS\\Reports\\20200529_192717\\Christi\\Reward Management - Reward Master List\\20200529_192717\\1590755312968.png]]]]></system-out>
         <system-err><![CDATA[2020-05-29 19:27:33 - [TEST_CASE][FAILED] - Test Cases/Christi/edit reward: Test Cases/Christi/edit reward FAILED.
Reason:
com.kms.katalon.core.exception.StepFailedException: Unable to verify object 'Object Repository/Christi/Page_Dashboard/p_Nama tidak boleh kosong' is present
	at com.kms.katalon.core.webui.keyword.internal.WebUIKeywordMain.stepFailed(WebUIKeywordMain.groovy:64)
	at com.kms.katalon.core.webui.keyword.internal.WebUIKeywordMain.runKeyword(WebUIKeywordMain.groovy:26)
	at com.kms.katalon.core.webui.keyword.builtin.VerifyElementPresentKeyword.verifyElementPresent(VerifyElementPresentKeyword.groovy:92)
	at com.kms.katalon.core.webui.keyword.builtin.VerifyElementPresentKeyword.execute(VerifyElementPresentKeyword.groovy:68)
	at com.kms.katalon.core.keyword.internal.KeywordExecutor.executeKeywordForPlatform(KeywordExecutor.groovy:60)
	at com.kms.katalon.core.webui.keyword.WebUiBuiltInKeywords.verifyElementPresent(WebUiBuiltInKeywords.groovy:1434)
	at com.kms.katalon.core.webui.keyword.WebUiBuiltInKeywords$verifyElementPresent$4.call(Unknown Source)
	at edit reward.run(edit reward:83)
	at com.kms.katalon.core.main.ScriptEngine.run(ScriptEngine.java:194)
	at com.kms.katalon.core.main.ScriptEngine.runScriptAsRawText(ScriptEngine.java:119)
	at com.kms.katalon.core.main.TestCaseExecutor.runScript(TestCaseExecutor.java:337)
	at com.kms.katalon.core.main.TestCaseExecutor.doExecute(TestCaseExecutor.java:328)
	at com.kms.katalon.core.main.TestCaseExecutor.processExecutionPhase(TestCaseExecutor.java:307)
	at com.kms.katalon.core.main.TestCaseExecutor.accessMainPhase(TestCaseExecutor.java:299)
	at com.kms.katalon.core.main.TestCaseExecutor.execute(TestCaseExecutor.java:233)
	at com.kms.katalon.core.main.TestSuiteExecutor.accessTestCaseMainPhase(TestSuiteExecutor.java:169)
	at com.kms.katalon.core.main.TestSuiteExecutor.accessTestSuiteMainPhase(TestSuiteExecutor.java:142)
	at com.kms.katalon.core.main.TestSuiteExecutor.execute(TestSuiteExecutor.java:91)
	at com.kms.katalon.core.main.TestCaseMain.startTestSuite(TestCaseMain.java:157)
	at com.kms.katalon.core.main.TestCaseMain$startTestSuite$0.call(Unknown Source)
	at TempTestSuite1590755238008.run(TempTestSuite1590755238008.groovy:36)
Caused by: com.kms.katalon.core.exception.StepFailedException: com.kms.katalon.core.webui.exception.WebElementNotFoundException: Web element with id: 'Object Repository/Christi/Page_Dashboard/p_Nama tidak boleh kosong' located by 'By.xpath: //*[@name = 'messageAddReward' and (text() = 'Nama tidak boleh kosong×' or . = 'Nama tidak boleh kosong×')]' not found
	at com.kms.katalon.core.webui.keyword.internal.WebUIKeywordMain.stepFailed(WebUIKeywordMain.groovy:64)
	at com.kms.katalon.core.webui.keyword.builtin.VerifyElementPresentKeyword$_verifyElementPresent_closure1.doCall(VerifyElementPresentKeyword.groovy:85)
	at com.kms.katalon.core.webui.keyword.builtin.VerifyElementPresentKeyword$_verifyElementPresent_closure1.call(VerifyElementPresentKeyword.groovy)
	at com.kms.katalon.core.webui.keyword.internal.WebUIKeywordMain.runKeyword(WebUIKeywordMain.groovy:20)
	... 19 more]]></system-err>
      </testcase>
      <testcase name="Test Cases/Christi/edit reward" time="55.096" classname="Test Cases/Christi/edit reward" status="FAILED">
         <failure type="FAILED" message="Test Cases/Christi/edit reward FAILED.
Reason:
com.kms.katalon.core.exception.StepFailedException: Unable to verify object 'Object Repository/Christi/Page_Dashboard/p_Deskripsi tidak boleh kosong' is present
	at com.kms.katalon.core.webui.keyword.internal.WebUIKeywordMain.stepFailed(WebUIKeywordMain.groovy:64)
	at com.kms.katalon.core.webui.keyword.internal.WebUIKeywordMain.runKeyword(WebUIKeywordMain.groovy:26)
	at com.kms.katalon.core.webui.keyword.builtin.VerifyElementPresentKeyword.verifyElementPresent(VerifyElementPresentKeyword.groovy:92)
	at com.kms.katalon.core.webui.keyword.builtin.VerifyElementPresentKeyword.execute(VerifyElementPresentKeyword.groovy:68)
	at com.kms.katalon.core.keyword.internal.KeywordExecutor.executeKeywordForPlatform(KeywordExecutor.groovy:60)
	at com.kms.katalon.core.webui.keyword.WebUiBuiltInKeywords.verifyElementPresent(WebUiBuiltInKeywords.groovy:1434)
	at com.kms.katalon.core.webui.keyword.WebUiBuiltInKeywords$verifyElementPresent$4.call(Unknown Source)
	at edit reward.run(edit reward:91)
	at com.kms.katalon.core.main.ScriptEngine.run(ScriptEngine.java:194)
	at com.kms.katalon.core.main.ScriptEngine.runScriptAsRawText(ScriptEngine.java:119)
	at com.kms.katalon.core.main.TestCaseExecutor.runScript(TestCaseExecutor.java:337)
	at com.kms.katalon.core.main.TestCaseExecutor.doExecute(TestCaseExecutor.java:328)
	at com.kms.katalon.core.main.TestCaseExecutor.processExecutionPhase(TestCaseExecutor.java:307)
	at com.kms.katalon.core.main.TestCaseExecutor.accessMainPhase(TestCaseExecutor.java:299)
	at com.kms.katalon.core.main.TestCaseExecutor.execute(TestCaseExecutor.java:233)
	at com.kms.katalon.core.main.TestSuiteExecutor.accessTestCaseMainPhase(TestSuiteExecutor.java:169)
	at com.kms.katalon.core.main.TestSuiteExecutor.accessTestSuiteMainPhase(TestSuiteExecutor.java:142)
	at com.kms.katalon.core.main.TestSuiteExecutor.execute(TestSuiteExecutor.java:91)
	at com.kms.katalon.core.main.TestCaseMain.startTestSuite(TestCaseMain.java:157)
	at com.kms.katalon.core.main.TestCaseMain$startTestSuite$0.call(Unknown Source)
	at TempTestSuite1590755238008.run(TempTestSuite1590755238008.groovy:36)
Caused by: com.kms.katalon.core.exception.StepFailedException: com.kms.katalon.core.webui.exception.WebElementNotFoundException: Web element with id: 'Object Repository/Christi/Page_Dashboard/p_Deskripsi tidak boleh kosong' located by 'By.xpath: //*[@name = 'messageAddReward' and (text() = 'Deskripsi tidak boleh kosong×' or . = 'Deskripsi tidak boleh kosong×')]' not found
	at com.kms.katalon.core.webui.keyword.internal.WebUIKeywordMain.stepFailed(WebUIKeywordMain.groovy:64)
	at com.kms.katalon.core.webui.keyword.builtin.VerifyElementPresentKeyword$_verifyElementPresent_closure1.doCall(VerifyElementPresentKeyword.groovy:85)
	at com.kms.katalon.core.webui.keyword.builtin.VerifyElementPresentKeyword$_verifyElementPresent_closure1.call(VerifyElementPresentKeyword.groovy)
	at com.kms.katalon.core.webui.keyword.internal.WebUIKeywordMain.runKeyword(WebUIKeywordMain.groovy:20)
	... 19 more
"/>
         <system-out><![CDATA[2020-05-29 19:28:33 - [TEST_CASE][FAILED] - Test Cases/Christi/edit reward: Test Cases/Christi/edit reward FAILED.
Reason:
com.kms.katalon.core.exception.StepFailedException: Unable to verify object 'Object Repository/Christi/Page_Dashboard/p_Deskripsi tidak boleh kosong' is present
	at com.kms.katalon.core.webui.keyword.internal.WebUIKeywordMain.stepFailed(WebUIKeywordMain.groovy:64)
	at com.kms.katalon.core.webui.keyword.internal.WebUIKeywordMain.runKeyword(WebUIKeywordMain.groovy:26)
	at com.kms.katalon.core.webui.keyword.builtin.VerifyElementPresentKeyword.verifyElementPresent(VerifyElementPresentKeyword.groovy:92)
	at com.kms.katalon.core.webui.keyword.builtin.VerifyElementPresentKeyword.execute(VerifyElementPresentKeyword.groovy:68)
	at com.kms.katalon.core.keyword.internal.KeywordExecutor.executeKeywordForPlatform(KeywordExecutor.groovy:60)
	at com.kms.katalon.core.webui.keyword.WebUiBuiltInKeywords.verifyElementPresent(WebUiBuiltInKeywords.groovy:1434)
	at com.kms.katalon.core.webui.keyword.WebUiBuiltInKeywords$verifyElementPresent$4.call(Unknown Source)
	at edit reward.run(edit reward:91)
	at com.kms.katalon.core.main.ScriptEngine.run(ScriptEngine.java:194)
	at com.kms.katalon.core.main.ScriptEngine.runScriptAsRawText(ScriptEngine.java:119)
	at com.kms.katalon.core.main.TestCaseExecutor.runScript(TestCaseExecutor.java:337)
	at com.kms.katalon.core.main.TestCaseExecutor.doExecute(TestCaseExecutor.java:328)
	at com.kms.katalon.core.main.TestCaseExecutor.processExecutionPhase(TestCaseExecutor.java:307)
	at com.kms.katalon.core.main.TestCaseExecutor.accessMainPhase(TestCaseExecutor.java:299)
	at com.kms.katalon.core.main.TestCaseExecutor.execute(TestCaseExecutor.java:233)
	at com.kms.katalon.core.main.TestSuiteExecutor.accessTestCaseMainPhase(TestSuiteExecutor.java:169)
	at com.kms.katalon.core.main.TestSuiteExecutor.accessTestSuiteMainPhase(TestSuiteExecutor.java:142)
	at com.kms.katalon.core.main.TestSuiteExecutor.execute(TestSuiteExecutor.java:91)
	at com.kms.katalon.core.main.TestCaseMain.startTestSuite(TestCaseMain.java:157)
	at com.kms.katalon.core.main.TestCaseMain$startTestSuite$0.call(Unknown Source)
	at TempTestSuite1590755238008.run(TempTestSuite1590755238008.groovy:36)
Caused by: com.kms.katalon.core.exception.StepFailedException: com.kms.katalon.core.webui.exception.WebElementNotFoundException: Web element with id: 'Object Repository/Christi/Page_Dashboard/p_Deskripsi tidak boleh kosong' located by 'By.xpath: //*[@name = 'messageAddReward' and (text() = 'Deskripsi tidak boleh kosong×' or . = 'Deskripsi tidak boleh kosong×')]' not found
	at com.kms.katalon.core.webui.keyword.internal.WebUIKeywordMain.stepFailed(WebUIKeywordMain.groovy:64)
	at com.kms.katalon.core.webui.keyword.builtin.VerifyElementPresentKeyword$_verifyElementPresent_closure1.doCall(VerifyElementPresentKeyword.groovy:85)
	at com.kms.katalon.core.webui.keyword.builtin.VerifyElementPresentKeyword$_verifyElementPresent_closure1.call(VerifyElementPresentKeyword.groovy)
	at com.kms.katalon.core.webui.keyword.internal.WebUIKeywordMain.runKeyword(WebUIKeywordMain.groovy:20)
	... 19 more


2020-05-29 19:28:33 - [TEST_STEP][PASSED] - callTestCase(findTestCase("Christi/Login"), ["username":"admin@mail.com", "password":"Password1#"], STOP_ON_FAILURE): Call Test Case 'Test Cases/Christi/Login' successfully

2020-05-29 19:28:33 - [TEST_CASE][PASSED] - Test Cases/Christi/Login: Test Cases/Christi/Login

2020-05-29 19:28:33 - [TEST_STEP][PASSED] - openBrowser(""): Browser is opened with url: ''

2020-05-29 19:28:33 - [MESSAGE][WARNING] - A browser is already opened. Closing browser and opening a new one

2020-05-29 19:28:35 - [MESSAGE][INFO] - Starting 'Chrome' driver

2020-05-29 19:28:38 - [MESSAGE][PASSED] - Browser is opened with url: ''

2020-05-29 19:28:38 - [TEST_STEP][PASSED] - navigateToUrl("https://appsrv1.deltadatamandiri.com/ACC_Hunter_Web/#/S19n1n"): Navigate to 'https://appsrv1.deltadatamandiri.com/ACC_Hunter_Web/#/S19n1n' successfully

2020-05-29 19:28:49 - [MESSAGE][PASSED] - Navigate to 'https://appsrv1.deltadatamandiri.com/ACC_Hunter_Web/#/S19n1n' successfully

2020-05-29 19:28:49 - [TEST_STEP][PASSED] - setText(findTestObject("Christi/Page_Sign In/input_username"), username): Text 'admin@mail.com' is set on object 'Object Repository/Christi/Page_Sign In/input_username'

2020-05-29 19:28:54 - [MESSAGE][PASSED] - Text 'admin@mail.com' is set on object 'Object Repository/Christi/Page_Sign In/input_username'

2020-05-29 19:28:54 - [TEST_STEP][PASSED] - setText(findTestObject("Christi/Page_Sign In/input_password"), password): Text 'Password1#' is set on object 'Object Repository/Christi/Page_Sign In/input_password'

2020-05-29 19:28:55 - [MESSAGE][PASSED] - Text 'Password1#' is set on object 'Object Repository/Christi/Page_Sign In/input_password'

2020-05-29 19:28:55 - [TEST_STEP][PASSED] - click(findTestObject("Christi/Page_Sign In/span_Sign In")): Object: 'Object Repository/Christi/Page_Sign In/span_Sign In' is clicked on

2020-05-29 19:28:56 - [MESSAGE][PASSED] - Object: 'Object Repository/Christi/Page_Sign In/span_Sign In' is clicked on

2020-05-29 19:28:56 - [MESSAGE][PASSED] - Call Test Case 'Test Cases/Christi/Login' successfully

2020-05-29 19:28:56 - [TEST_STEP][PASSED] - delay(3): Delayed 3 second(s)

2020-05-29 19:28:59 - [MESSAGE][PASSED] - Delayed 3 second(s)

2020-05-29 19:28:59 - [TEST_STEP][PASSED] - click(findTestObject("Object Repository/Christi/Page_Main/img_Manage Gamification_picture8")): Object: 'Object Repository/Christi/Page_Main/img_Manage Gamification_picture8' is clicked on

2020-05-29 19:29:07 - [MESSAGE][PASSED] - Object: 'Object Repository/Christi/Page_Main/img_Manage Gamification_picture8' is clicked on

2020-05-29 19:29:07 - [TEST_STEP][PASSED] - delay(3): Delayed 3 second(s)

2020-05-29 19:29:10 - [MESSAGE][PASSED] - Delayed 3 second(s)

2020-05-29 19:29:10 - [TEST_STEP][PASSED] - click(findTestObject("Christi/Page_Dashboard/img_Jam dinding_picture5")): Object: 'Object Repository/Christi/Page_Dashboard/img_Jam dinding_picture5' is clicked on

2020-05-29 19:29:17 - [MESSAGE][PASSED] - Object: 'Object Repository/Christi/Page_Dashboard/img_Jam dinding_picture5' is clicked on

2020-05-29 19:29:17 - [TEST_STEP][PASSED] - switch (edit.toString()): null

2020-05-29 19:29:17 - [TEST_STEP][PASSED] - delay(3): Delayed 3 second(s)

2020-05-29 19:29:20 - [MESSAGE][PASSED] - Delayed 3 second(s)

2020-05-29 19:29:20 - [TEST_STEP][PASSED] - click(findTestObject("Christi/Page_Dashboard/span_Simpan")): Object: 'Object Repository/Christi/Page_Dashboard/span_Simpan' is clicked on

2020-05-29 19:29:20 - [MESSAGE][PASSED] - Object: 'Object Repository/Christi/Page_Dashboard/span_Simpan' is clicked on

2020-05-29 19:29:20 - [TEST_STEP][PASSED] - if (expected == "pass"): null

2020-05-29 19:29:20 - [TEST_STEP][FAILED] - else if (expected == "fail"): Unable to verify object 'Object Repository/Christi/Page_Dashboard/p_Deskripsi tidak boleh kosong' is present (Root cause: com.kms.katalon.core.exception.StepFailedException: Unable to verify object 'Object Repository/Christi/Page_Dashboard/p_Deskripsi tidak boleh kosong' is present
	at com.kms.katalon.core.webui.keyword.internal.WebUIKeywordMain.stepFailed(WebUIKeywordMain.groovy:64)
	at com.kms.katalon.core.webui.keyword.internal.WebUIKeywordMain.runKeyword(WebUIKeywordMain.groovy:26)
	at com.kms.katalon.core.webui.keyword.builtin.VerifyElementPresentKeyword.verifyElementPresent(VerifyElementPresentKeyword.groovy:92)
	at com.kms.katalon.core.webui.keyword.builtin.VerifyElementPresentKeyword.execute(VerifyElementPresentKeyword.groovy:68)
	at com.kms.katalon.core.keyword.internal.KeywordExecutor.executeKeywordForPlatform(KeywordExecutor.groovy:60)
	at com.kms.katalon.core.webui.keyword.WebUiBuiltInKeywords.verifyElementPresent(WebUiBuiltInKeywords.groovy:1434)
	at com.kms.katalon.core.webui.keyword.WebUiBuiltInKeywords$verifyElementPresent$4.call(Unknown Source)
	at edit reward.run(edit reward:91)
	at com.kms.katalon.core.main.ScriptEngine.run(ScriptEngine.java:194)
	at com.kms.katalon.core.main.ScriptEngine.runScriptAsRawText(ScriptEngine.java:119)
	at com.kms.katalon.core.main.TestCaseExecutor.runScript(TestCaseExecutor.java:337)
	at com.kms.katalon.core.main.TestCaseExecutor.doExecute(TestCaseExecutor.java:328)
	at com.kms.katalon.core.main.TestCaseExecutor.processExecutionPhase(TestCaseExecutor.java:307)
	at com.kms.katalon.core.main.TestCaseExecutor.accessMainPhase(TestCaseExecutor.java:299)
	at com.kms.katalon.core.main.TestCaseExecutor.execute(TestCaseExecutor.java:233)
	at com.kms.katalon.core.main.TestSuiteExecutor.accessTestCaseMainPhase(TestSuiteExecutor.java:169)
	at com.kms.katalon.core.main.TestSuiteExecutor.accessTestSuiteMainPhase(TestSuiteExecutor.java:142)
	at com.kms.katalon.core.main.TestSuiteExecutor.execute(TestSuiteExecutor.java:91)
	at com.kms.katalon.core.main.TestCaseMain.startTestSuite(TestCaseMain.java:157)
	at com.kms.katalon.core.main.TestCaseMain$startTestSuite$0.call(Unknown Source)
	at TempTestSuite1590755238008.run(TempTestSuite1590755238008.groovy:36)
Caused by: com.kms.katalon.core.exception.StepFailedException: com.kms.katalon.core.webui.exception.WebElementNotFoundException: Web element with id: 'Object Repository/Christi/Page_Dashboard/p_Deskripsi tidak boleh kosong' located by 'By.xpath: //*[@name = 'messageAddReward' and (text() = 'Deskripsi tidak boleh kosong×' or . = 'Deskripsi tidak boleh kosong×')]' not found
	at com.kms.katalon.core.webui.keyword.internal.WebUIKeywordMain.stepFailed(WebUIKeywordMain.groovy:64)
	at com.kms.katalon.core.webui.keyword.builtin.VerifyElementPresentKeyword$_verifyElementPresent_closure1.doCall(VerifyElementPresentKeyword.groovy:85)
	at com.kms.katalon.core.webui.keyword.builtin.VerifyElementPresentKeyword$_verifyElementPresent_closure1.call(VerifyElementPresentKeyword.groovy)
	at com.kms.katalon.core.webui.keyword.internal.WebUIKeywordMain.runKeyword(WebUIKeywordMain.groovy:20)
	... 19 more
)

2020-05-29 19:29:20 - [TEST_STEP][FAILED] - switch (alert.toString()): Unable to verify object 'Object Repository/Christi/Page_Dashboard/p_Deskripsi tidak boleh kosong' is present (Root cause: com.kms.katalon.core.exception.StepFailedException: Unable to verify object 'Object Repository/Christi/Page_Dashboard/p_Deskripsi tidak boleh kosong' is present
	at com.kms.katalon.core.webui.keyword.internal.WebUIKeywordMain.stepFailed(WebUIKeywordMain.groovy:64)
	at com.kms.katalon.core.webui.keyword.internal.WebUIKeywordMain.runKeyword(WebUIKeywordMain.groovy:26)
	at com.kms.katalon.core.webui.keyword.builtin.VerifyElementPresentKeyword.verifyElementPresent(VerifyElementPresentKeyword.groovy:92)
	at com.kms.katalon.core.webui.keyword.builtin.VerifyElementPresentKeyword.execute(VerifyElementPresentKeyword.groovy:68)
	at com.kms.katalon.core.keyword.internal.KeywordExecutor.executeKeywordForPlatform(KeywordExecutor.groovy:60)
	at com.kms.katalon.core.webui.keyword.WebUiBuiltInKeywords.verifyElementPresent(WebUiBuiltInKeywords.groovy:1434)
	at com.kms.katalon.core.webui.keyword.WebUiBuiltInKeywords$verifyElementPresent$4.call(Unknown Source)
	at edit reward.run(edit reward:91)
	at com.kms.katalon.core.main.ScriptEngine.run(ScriptEngine.java:194)
	at com.kms.katalon.core.main.ScriptEngine.runScriptAsRawText(ScriptEngine.java:119)
	at com.kms.katalon.core.main.TestCaseExecutor.runScript(TestCaseExecutor.java:337)
	at com.kms.katalon.core.main.TestCaseExecutor.doExecute(TestCaseExecutor.java:328)
	at com.kms.katalon.core.main.TestCaseExecutor.processExecutionPhase(TestCaseExecutor.java:307)
	at com.kms.katalon.core.main.TestCaseExecutor.accessMainPhase(TestCaseExecutor.java:299)
	at com.kms.katalon.core.main.TestCaseExecutor.execute(TestCaseExecutor.java:233)
	at com.kms.katalon.core.main.TestSuiteExecutor.accessTestCaseMainPhase(TestSuiteExecutor.java:169)
	at com.kms.katalon.core.main.TestSuiteExecutor.accessTestSuiteMainPhase(TestSuiteExecutor.java:142)
	at com.kms.katalon.core.main.TestSuiteExecutor.execute(TestSuiteExecutor.java:91)
	at com.kms.katalon.core.main.TestCaseMain.startTestSuite(TestCaseMain.java:157)
	at com.kms.katalon.core.main.TestCaseMain$startTestSuite$0.call(Unknown Source)
	at TempTestSuite1590755238008.run(TempTestSuite1590755238008.groovy:36)
Caused by: com.kms.katalon.core.exception.StepFailedException: com.kms.katalon.core.webui.exception.WebElementNotFoundException: Web element with id: 'Object Repository/Christi/Page_Dashboard/p_Deskripsi tidak boleh kosong' located by 'By.xpath: //*[@name = 'messageAddReward' and (text() = 'Deskripsi tidak boleh kosong×' or . = 'Deskripsi tidak boleh kosong×')]' not found
	at com.kms.katalon.core.webui.keyword.internal.WebUIKeywordMain.stepFailed(WebUIKeywordMain.groovy:64)
	at com.kms.katalon.core.webui.keyword.builtin.VerifyElementPresentKeyword$_verifyElementPresent_closure1.doCall(VerifyElementPresentKeyword.groovy:85)
	at com.kms.katalon.core.webui.keyword.builtin.VerifyElementPresentKeyword$_verifyElementPresent_closure1.call(VerifyElementPresentKeyword.groovy)
	at com.kms.katalon.core.webui.keyword.internal.WebUIKeywordMain.runKeyword(WebUIKeywordMain.groovy:20)
	... 19 more
)

2020-05-29 19:29:20 - [TEST_STEP][FAILED] - case "deskripsi kosong":: Unable to verify object 'Object Repository/Christi/Page_Dashboard/p_Deskripsi tidak boleh kosong' is present (Root cause: com.kms.katalon.core.exception.StepFailedException: Unable to verify object 'Object Repository/Christi/Page_Dashboard/p_Deskripsi tidak boleh kosong' is present
	at com.kms.katalon.core.webui.keyword.internal.WebUIKeywordMain.stepFailed(WebUIKeywordMain.groovy:64)
	at com.kms.katalon.core.webui.keyword.internal.WebUIKeywordMain.runKeyword(WebUIKeywordMain.groovy:26)
	at com.kms.katalon.core.webui.keyword.builtin.VerifyElementPresentKeyword.verifyElementPresent(VerifyElementPresentKeyword.groovy:92)
	at com.kms.katalon.core.webui.keyword.builtin.VerifyElementPresentKeyword.execute(VerifyElementPresentKeyword.groovy:68)
	at com.kms.katalon.core.keyword.internal.KeywordExecutor.executeKeywordForPlatform(KeywordExecutor.groovy:60)
	at com.kms.katalon.core.webui.keyword.WebUiBuiltInKeywords.verifyElementPresent(WebUiBuiltInKeywords.groovy:1434)
	at com.kms.katalon.core.webui.keyword.WebUiBuiltInKeywords$verifyElementPresent$4.call(Unknown Source)
	at edit reward.run(edit reward:91)
	at com.kms.katalon.core.main.ScriptEngine.run(ScriptEngine.java:194)
	at com.kms.katalon.core.main.ScriptEngine.runScriptAsRawText(ScriptEngine.java:119)
	at com.kms.katalon.core.main.TestCaseExecutor.runScript(TestCaseExecutor.java:337)
	at com.kms.katalon.core.main.TestCaseExecutor.doExecute(TestCaseExecutor.java:328)
	at com.kms.katalon.core.main.TestCaseExecutor.processExecutionPhase(TestCaseExecutor.java:307)
	at com.kms.katalon.core.main.TestCaseExecutor.accessMainPhase(TestCaseExecutor.java:299)
	at com.kms.katalon.core.main.TestCaseExecutor.execute(TestCaseExecutor.java:233)
	at com.kms.katalon.core.main.TestSuiteExecutor.accessTestCaseMainPhase(TestSuiteExecutor.java:169)
	at com.kms.katalon.core.main.TestSuiteExecutor.accessTestSuiteMainPhase(TestSuiteExecutor.java:142)
	at com.kms.katalon.core.main.TestSuiteExecutor.execute(TestSuiteExecutor.java:91)
	at com.kms.katalon.core.main.TestCaseMain.startTestSuite(TestCaseMain.java:157)
	at com.kms.katalon.core.main.TestCaseMain$startTestSuite$0.call(Unknown Source)
	at TempTestSuite1590755238008.run(TempTestSuite1590755238008.groovy:36)
Caused by: com.kms.katalon.core.exception.StepFailedException: com.kms.katalon.core.webui.exception.WebElementNotFoundException: Web element with id: 'Object Repository/Christi/Page_Dashboard/p_Deskripsi tidak boleh kosong' located by 'By.xpath: //*[@name = 'messageAddReward' and (text() = 'Deskripsi tidak boleh kosong×' or . = 'Deskripsi tidak boleh kosong×')]' not found
	at com.kms.katalon.core.webui.keyword.internal.WebUIKeywordMain.stepFailed(WebUIKeywordMain.groovy:64)
	at com.kms.katalon.core.webui.keyword.builtin.VerifyElementPresentKeyword$_verifyElementPresent_closure1.doCall(VerifyElementPresentKeyword.groovy:85)
	at com.kms.katalon.core.webui.keyword.builtin.VerifyElementPresentKeyword$_verifyElementPresent_closure1.call(VerifyElementPresentKeyword.groovy)
	at com.kms.katalon.core.webui.keyword.internal.WebUIKeywordMain.runKeyword(WebUIKeywordMain.groovy:20)
	... 19 more
)

2020-05-29 19:29:20 - [TEST_STEP][PASSED] - delay(3): Delayed 3 second(s)

2020-05-29 19:29:23 - [MESSAGE][PASSED] - Delayed 3 second(s)

2020-05-29 19:29:23 - [TEST_STEP][FAILED] - verifyElementPresent(findTestObject("Christi/Page_Dashboard/p_Deskripsi tidak boleh kosong"), 3): Unable to verify object 'Object Repository/Christi/Page_Dashboard/p_Deskripsi tidak boleh kosong' is present (Root cause: com.kms.katalon.core.exception.StepFailedException: Unable to verify object 'Object Repository/Christi/Page_Dashboard/p_Deskripsi tidak boleh kosong' is present
	at com.kms.katalon.core.webui.keyword.internal.WebUIKeywordMain.stepFailed(WebUIKeywordMain.groovy:64)
	at com.kms.katalon.core.webui.keyword.internal.WebUIKeywordMain.runKeyword(WebUIKeywordMain.groovy:26)
	at com.kms.katalon.core.webui.keyword.builtin.VerifyElementPresentKeyword.verifyElementPresent(VerifyElementPresentKeyword.groovy:92)
	at com.kms.katalon.core.webui.keyword.builtin.VerifyElementPresentKeyword.execute(VerifyElementPresentKeyword.groovy:68)
	at com.kms.katalon.core.keyword.internal.KeywordExecutor.executeKeywordForPlatform(KeywordExecutor.groovy:60)
	at com.kms.katalon.core.webui.keyword.WebUiBuiltInKeywords.verifyElementPresent(WebUiBuiltInKeywords.groovy:1434)
	at com.kms.katalon.core.webui.keyword.WebUiBuiltInKeywords$verifyElementPresent$4.call(Unknown Source)
	at edit reward.run(edit reward:91)
	at com.kms.katalon.core.main.ScriptEngine.run(ScriptEngine.java:194)
	at com.kms.katalon.core.main.ScriptEngine.runScriptAsRawText(ScriptEngine.java:119)
	at com.kms.katalon.core.main.TestCaseExecutor.runScript(TestCaseExecutor.java:337)
	at com.kms.katalon.core.main.TestCaseExecutor.doExecute(TestCaseExecutor.java:328)
	at com.kms.katalon.core.main.TestCaseExecutor.processExecutionPhase(TestCaseExecutor.java:307)
	at com.kms.katalon.core.main.TestCaseExecutor.accessMainPhase(TestCaseExecutor.java:299)
	at com.kms.katalon.core.main.TestCaseExecutor.execute(TestCaseExecutor.java:233)
	at com.kms.katalon.core.main.TestSuiteExecutor.accessTestCaseMainPhase(TestSuiteExecutor.java:169)
	at com.kms.katalon.core.main.TestSuiteExecutor.accessTestSuiteMainPhase(TestSuiteExecutor.java:142)
	at com.kms.katalon.core.main.TestSuiteExecutor.execute(TestSuiteExecutor.java:91)
	at com.kms.katalon.core.main.TestCaseMain.startTestSuite(TestCaseMain.java:157)
	at com.kms.katalon.core.main.TestCaseMain$startTestSuite$0.call(Unknown Source)
	at TempTestSuite1590755238008.run(TempTestSuite1590755238008.groovy:36)
Caused by: com.kms.katalon.core.exception.StepFailedException: com.kms.katalon.core.webui.exception.WebElementNotFoundException: Web element with id: 'Object Repository/Christi/Page_Dashboard/p_Deskripsi tidak boleh kosong' located by 'By.xpath: //*[@name = 'messageAddReward' and (text() = 'Deskripsi tidak boleh kosong×' or . = 'Deskripsi tidak boleh kosong×')]' not found
	at com.kms.katalon.core.webui.keyword.internal.WebUIKeywordMain.stepFailed(WebUIKeywordMain.groovy:64)
	at com.kms.katalon.core.webui.keyword.builtin.VerifyElementPresentKeyword$_verifyElementPresent_closure1.doCall(VerifyElementPresentKeyword.groovy:85)
	at com.kms.katalon.core.webui.keyword.builtin.VerifyElementPresentKeyword$_verifyElementPresent_closure1.call(VerifyElementPresentKeyword.groovy)
	at com.kms.katalon.core.webui.keyword.internal.WebUIKeywordMain.runKeyword(WebUIKeywordMain.groovy:20)
	... 19 more
)

2020-05-29 19:29:28 - [MESSAGE][INFO] - Unable to find the element located by 'By.xpath: //*[@name = 'messageAddReward' and (text() = 'Deskripsi tidak boleh kosong×' or . = 'Deskripsi tidak boleh kosong×')]'. Please recheck the objects properties to make sure the desired element is located. 

2020-05-29 19:29:28 - [MESSAGE][FAILED] - com.kms.katalon.core.webui.exception.WebElementNotFoundException: Web element with id: 'Object Repository/Christi/Page_Dashboard/p_Deskripsi tidak boleh kosong' located by 'By.xpath: //*[@name = 'messageAddReward' and (text() = 'Deskripsi tidak boleh kosong×' or . = 'Deskripsi tidak boleh kosong×')]' not found (Root cause: com.kms.katalon.core.exception.StepFailedException: com.kms.katalon.core.webui.exception.WebElementNotFoundException: Web element with id: 'Object Repository/Christi/Page_Dashboard/p_Deskripsi tidak boleh kosong' located by 'By.xpath: //*[@name = 'messageAddReward' and (text() = 'Deskripsi tidak boleh kosong×' or . = 'Deskripsi tidak boleh kosong×')]' not found
	at com.kms.katalon.core.webui.keyword.internal.WebUIKeywordMain.stepFailed(WebUIKeywordMain.groovy:64)
	at com.kms.katalon.core.webui.keyword.builtin.VerifyElementPresentKeyword$_verifyElementPresent_closure1.doCall(VerifyElementPresentKeyword.groovy:85)
	at com.kms.katalon.core.webui.keyword.builtin.VerifyElementPresentKeyword$_verifyElementPresent_closure1.call(VerifyElementPresentKeyword.groovy)
	at com.kms.katalon.core.webui.keyword.internal.WebUIKeywordMain.runKeyword(WebUIKeywordMain.groovy:20)
	at com.kms.katalon.core.webui.keyword.builtin.VerifyElementPresentKeyword.verifyElementPresent(VerifyElementPresentKeyword.groovy:92)
	at com.kms.katalon.core.webui.keyword.builtin.VerifyElementPresentKeyword.execute(VerifyElementPresentKeyword.groovy:68)
	at com.kms.katalon.core.keyword.internal.KeywordExecutor.executeKeywordForPlatform(KeywordExecutor.groovy:60)
	at com.kms.katalon.core.webui.keyword.WebUiBuiltInKeywords.verifyElementPresent(WebUiBuiltInKeywords.groovy:1434)
	at com.kms.katalon.core.webui.keyword.WebUiBuiltInKeywords$verifyElementPresent$4.call(Unknown Source)
	at edit reward.run(edit reward:91)
	at com.kms.katalon.core.main.ScriptEngine.run(ScriptEngine.java:194)
	at com.kms.katalon.core.main.ScriptEngine.runScriptAsRawText(ScriptEngine.java:119)
	at com.kms.katalon.core.main.TestCaseExecutor.runScript(TestCaseExecutor.java:337)
	at com.kms.katalon.core.main.TestCaseExecutor.doExecute(TestCaseExecutor.java:328)
	at com.kms.katalon.core.main.TestCaseExecutor.processExecutionPhase(TestCaseExecutor.java:307)
	at com.kms.katalon.core.main.TestCaseExecutor.accessMainPhase(TestCaseExecutor.java:299)
	at com.kms.katalon.core.main.TestCaseExecutor.execute(TestCaseExecutor.java:233)
	at com.kms.katalon.core.main.TestSuiteExecutor.accessTestCaseMainPhase(TestSuiteExecutor.java:169)
	at com.kms.katalon.core.main.TestSuiteExecutor.accessTestSuiteMainPhase(TestSuiteExecutor.java:142)
	at com.kms.katalon.core.main.TestSuiteExecutor.execute(TestSuiteExecutor.java:91)
	at com.kms.katalon.core.main.TestCaseMain.startTestSuite(TestCaseMain.java:157)
	at com.kms.katalon.core.main.TestCaseMain$startTestSuite$0.call(Unknown Source)
	at TempTestSuite1590755238008.run(TempTestSuite1590755238008.groovy:36)
)
[[ATTACHMENT|C:\\Users\\ASUS\\git\\HunterCMS\\Reports\\20200529_192717\\Christi\\Reward Management - Reward Master List\\20200529_192717\\1590755368161.png]]

2020-05-29 19:29:28 - [MESSAGE][FAILED] - Unable to verify object 'Object Repository/Christi/Page_Dashboard/p_Deskripsi tidak boleh kosong' is present (Root cause: com.kms.katalon.core.exception.StepFailedException: Unable to verify object 'Object Repository/Christi/Page_Dashboard/p_Deskripsi tidak boleh kosong' is present
	at com.kms.katalon.core.webui.keyword.internal.WebUIKeywordMain.stepFailed(WebUIKeywordMain.groovy:64)
	at com.kms.katalon.core.webui.keyword.internal.WebUIKeywordMain.runKeyword(WebUIKeywordMain.groovy:26)
	at com.kms.katalon.core.webui.keyword.builtin.VerifyElementPresentKeyword.verifyElementPresent(VerifyElementPresentKeyword.groovy:92)
	at com.kms.katalon.core.webui.keyword.builtin.VerifyElementPresentKeyword.execute(VerifyElementPresentKeyword.groovy:68)
	at com.kms.katalon.core.keyword.internal.KeywordExecutor.executeKeywordForPlatform(KeywordExecutor.groovy:60)
	at com.kms.katalon.core.webui.keyword.WebUiBuiltInKeywords.verifyElementPresent(WebUiBuiltInKeywords.groovy:1434)
	at com.kms.katalon.core.webui.keyword.WebUiBuiltInKeywords$verifyElementPresent$4.call(Unknown Source)
	at edit reward.run(edit reward:91)
	at com.kms.katalon.core.main.ScriptEngine.run(ScriptEngine.java:194)
	at com.kms.katalon.core.main.ScriptEngine.runScriptAsRawText(ScriptEngine.java:119)
	at com.kms.katalon.core.main.TestCaseExecutor.runScript(TestCaseExecutor.java:337)
	at com.kms.katalon.core.main.TestCaseExecutor.doExecute(TestCaseExecutor.java:328)
	at com.kms.katalon.core.main.TestCaseExecutor.processExecutionPhase(TestCaseExecutor.java:307)
	at com.kms.katalon.core.main.TestCaseExecutor.accessMainPhase(TestCaseExecutor.java:299)
	at com.kms.katalon.core.main.TestCaseExecutor.execute(TestCaseExecutor.java:233)
	at com.kms.katalon.core.main.TestSuiteExecutor.accessTestCaseMainPhase(TestSuiteExecutor.java:169)
	at com.kms.katalon.core.main.TestSuiteExecutor.accessTestSuiteMainPhase(TestSuiteExecutor.java:142)
	at com.kms.katalon.core.main.TestSuiteExecutor.execute(TestSuiteExecutor.java:91)
	at com.kms.katalon.core.main.TestCaseMain.startTestSuite(TestCaseMain.java:157)
	at com.kms.katalon.core.main.TestCaseMain$startTestSuite$0.call(Unknown Source)
	at TempTestSuite1590755238008.run(TempTestSuite1590755238008.groovy:36)
Caused by: com.kms.katalon.core.exception.StepFailedException: com.kms.katalon.core.webui.exception.WebElementNotFoundException: Web element with id: 'Object Repository/Christi/Page_Dashboard/p_Deskripsi tidak boleh kosong' located by 'By.xpath: //*[@name = 'messageAddReward' and (text() = 'Deskripsi tidak boleh kosong×' or . = 'Deskripsi tidak boleh kosong×')]' not found
	at com.kms.katalon.core.webui.keyword.internal.WebUIKeywordMain.stepFailed(WebUIKeywordMain.groovy:64)
	at com.kms.katalon.core.webui.keyword.builtin.VerifyElementPresentKeyword$_verifyElementPresent_closure1.doCall(VerifyElementPresentKeyword.groovy:85)
	at com.kms.katalon.core.webui.keyword.builtin.VerifyElementPresentKeyword$_verifyElementPresent_closure1.call(VerifyElementPresentKeyword.groovy)
	at com.kms.katalon.core.webui.keyword.internal.WebUIKeywordMain.runKeyword(WebUIKeywordMain.groovy:20)
	... 19 more
)
[[ATTACHMENT|C:\\Users\\ASUS\\git\\HunterCMS\\Reports\\20200529_192717\\Christi\\Reward Management - Reward Master List\\20200529_192717\\1590755368501.png]]]]></system-out>
         <system-err><![CDATA[2020-05-29 19:28:33 - [TEST_CASE][FAILED] - Test Cases/Christi/edit reward: Test Cases/Christi/edit reward FAILED.
Reason:
com.kms.katalon.core.exception.StepFailedException: Unable to verify object 'Object Repository/Christi/Page_Dashboard/p_Deskripsi tidak boleh kosong' is present
	at com.kms.katalon.core.webui.keyword.internal.WebUIKeywordMain.stepFailed(WebUIKeywordMain.groovy:64)
	at com.kms.katalon.core.webui.keyword.internal.WebUIKeywordMain.runKeyword(WebUIKeywordMain.groovy:26)
	at com.kms.katalon.core.webui.keyword.builtin.VerifyElementPresentKeyword.verifyElementPresent(VerifyElementPresentKeyword.groovy:92)
	at com.kms.katalon.core.webui.keyword.builtin.VerifyElementPresentKeyword.execute(VerifyElementPresentKeyword.groovy:68)
	at com.kms.katalon.core.keyword.internal.KeywordExecutor.executeKeywordForPlatform(KeywordExecutor.groovy:60)
	at com.kms.katalon.core.webui.keyword.WebUiBuiltInKeywords.verifyElementPresent(WebUiBuiltInKeywords.groovy:1434)
	at com.kms.katalon.core.webui.keyword.WebUiBuiltInKeywords$verifyElementPresent$4.call(Unknown Source)
	at edit reward.run(edit reward:91)
	at com.kms.katalon.core.main.ScriptEngine.run(ScriptEngine.java:194)
	at com.kms.katalon.core.main.ScriptEngine.runScriptAsRawText(ScriptEngine.java:119)
	at com.kms.katalon.core.main.TestCaseExecutor.runScript(TestCaseExecutor.java:337)
	at com.kms.katalon.core.main.TestCaseExecutor.doExecute(TestCaseExecutor.java:328)
	at com.kms.katalon.core.main.TestCaseExecutor.processExecutionPhase(TestCaseExecutor.java:307)
	at com.kms.katalon.core.main.TestCaseExecutor.accessMainPhase(TestCaseExecutor.java:299)
	at com.kms.katalon.core.main.TestCaseExecutor.execute(TestCaseExecutor.java:233)
	at com.kms.katalon.core.main.TestSuiteExecutor.accessTestCaseMainPhase(TestSuiteExecutor.java:169)
	at com.kms.katalon.core.main.TestSuiteExecutor.accessTestSuiteMainPhase(TestSuiteExecutor.java:142)
	at com.kms.katalon.core.main.TestSuiteExecutor.execute(TestSuiteExecutor.java:91)
	at com.kms.katalon.core.main.TestCaseMain.startTestSuite(TestCaseMain.java:157)
	at com.kms.katalon.core.main.TestCaseMain$startTestSuite$0.call(Unknown Source)
	at TempTestSuite1590755238008.run(TempTestSuite1590755238008.groovy:36)
Caused by: com.kms.katalon.core.exception.StepFailedException: com.kms.katalon.core.webui.exception.WebElementNotFoundException: Web element with id: 'Object Repository/Christi/Page_Dashboard/p_Deskripsi tidak boleh kosong' located by 'By.xpath: //*[@name = 'messageAddReward' and (text() = 'Deskripsi tidak boleh kosong×' or . = 'Deskripsi tidak boleh kosong×')]' not found
	at com.kms.katalon.core.webui.keyword.internal.WebUIKeywordMain.stepFailed(WebUIKeywordMain.groovy:64)
	at com.kms.katalon.core.webui.keyword.builtin.VerifyElementPresentKeyword$_verifyElementPresent_closure1.doCall(VerifyElementPresentKeyword.groovy:85)
	at com.kms.katalon.core.webui.keyword.builtin.VerifyElementPresentKeyword$_verifyElementPresent_closure1.call(VerifyElementPresentKeyword.groovy)
	at com.kms.katalon.core.webui.keyword.internal.WebUIKeywordMain.runKeyword(WebUIKeywordMain.groovy:20)
	... 19 more]]></system-err>
      </testcase>
      <testcase name="Test Cases/Christi/edit reward" time="46.663" classname="Test Cases/Christi/edit reward" status="PASSED">
         <system-out><![CDATA[2020-05-29 19:29:29 - [TEST_CASE][PASSED] - Test Cases/Christi/edit reward: Test Cases/Christi/edit reward

2020-05-29 19:29:29 - [TEST_STEP][PASSED] - callTestCase(findTestCase("Christi/Login"), ["username":"admin@mail.com", "password":"Password1#"], STOP_ON_FAILURE): Call Test Case 'Test Cases/Christi/Login' successfully

2020-05-29 19:29:29 - [TEST_CASE][PASSED] - Test Cases/Christi/Login: Test Cases/Christi/Login

2020-05-29 19:29:29 - [TEST_STEP][PASSED] - openBrowser(""): Browser is opened with url: ''

2020-05-29 19:29:29 - [MESSAGE][WARNING] - A browser is already opened. Closing browser and opening a new one

2020-05-29 19:29:30 - [MESSAGE][INFO] - Starting 'Chrome' driver

2020-05-29 19:29:33 - [MESSAGE][PASSED] - Browser is opened with url: ''

2020-05-29 19:29:33 - [TEST_STEP][PASSED] - navigateToUrl("https://appsrv1.deltadatamandiri.com/ACC_Hunter_Web/#/S19n1n"): Navigate to 'https://appsrv1.deltadatamandiri.com/ACC_Hunter_Web/#/S19n1n' successfully

2020-05-29 19:29:43 - [MESSAGE][PASSED] - Navigate to 'https://appsrv1.deltadatamandiri.com/ACC_Hunter_Web/#/S19n1n' successfully

2020-05-29 19:29:43 - [TEST_STEP][PASSED] - setText(findTestObject("Christi/Page_Sign In/input_username"), username): Text 'admin@mail.com' is set on object 'Object Repository/Christi/Page_Sign In/input_username'

2020-05-29 19:29:46 - [MESSAGE][PASSED] - Text 'admin@mail.com' is set on object 'Object Repository/Christi/Page_Sign In/input_username'

2020-05-29 19:29:46 - [TEST_STEP][PASSED] - setText(findTestObject("Christi/Page_Sign In/input_password"), password): Text 'Password1#' is set on object 'Object Repository/Christi/Page_Sign In/input_password'

2020-05-29 19:29:48 - [MESSAGE][PASSED] - Text 'Password1#' is set on object 'Object Repository/Christi/Page_Sign In/input_password'

2020-05-29 19:29:48 - [TEST_STEP][PASSED] - click(findTestObject("Christi/Page_Sign In/span_Sign In")): Object: 'Object Repository/Christi/Page_Sign In/span_Sign In' is clicked on

2020-05-29 19:29:48 - [MESSAGE][PASSED] - Object: 'Object Repository/Christi/Page_Sign In/span_Sign In' is clicked on

2020-05-29 19:29:48 - [MESSAGE][PASSED] - Call Test Case 'Test Cases/Christi/Login' successfully

2020-05-29 19:29:48 - [TEST_STEP][PASSED] - delay(3): Delayed 3 second(s)

2020-05-29 19:29:51 - [MESSAGE][PASSED] - Delayed 3 second(s)

2020-05-29 19:29:51 - [TEST_STEP][PASSED] - click(findTestObject("Object Repository/Christi/Page_Main/img_Manage Gamification_picture8")): Object: 'Object Repository/Christi/Page_Main/img_Manage Gamification_picture8' is clicked on

2020-05-29 19:29:55 - [MESSAGE][PASSED] - Object: 'Object Repository/Christi/Page_Main/img_Manage Gamification_picture8' is clicked on

2020-05-29 19:29:55 - [TEST_STEP][PASSED] - delay(3): Delayed 3 second(s)

2020-05-29 19:29:58 - [MESSAGE][PASSED] - Delayed 3 second(s)

2020-05-29 19:29:58 - [TEST_STEP][PASSED] - click(findTestObject("Christi/Page_Dashboard/img_Jam dinding_picture5")): Object: 'Object Repository/Christi/Page_Dashboard/img_Jam dinding_picture5' is clicked on

2020-05-29 19:30:06 - [MESSAGE][PASSED] - Object: 'Object Repository/Christi/Page_Dashboard/img_Jam dinding_picture5' is clicked on

2020-05-29 19:30:06 - [TEST_STEP][PASSED] - switch (edit.toString()): null

2020-05-29 19:30:06 - [TEST_STEP][PASSED] - case "img upload":: null

2020-05-29 19:30:06 - [TEST_STEP][PASSED] - if (img_upload == "erase"): Object: 'Object Repository/Christi/Page_Dashboard/label_Reset Image' is clicked on

2020-05-29 19:30:06 - [TEST_STEP][PASSED] - click(findTestObject("Object Repository/Christi/Page_Dashboard/label_Reset Image")): Object: 'Object Repository/Christi/Page_Dashboard/label_Reset Image' is clicked on

2020-05-29 19:30:07 - [MESSAGE][PASSED] - Object: 'Object Repository/Christi/Page_Dashboard/label_Reset Image' is clicked on

2020-05-29 19:30:07 - [TEST_STEP][PASSED] - break: null

2020-05-29 19:30:07 - [TEST_STEP][PASSED] - delay(3): Delayed 3 second(s)

2020-05-29 19:30:10 - [MESSAGE][PASSED] - Delayed 3 second(s)

2020-05-29 19:30:10 - [TEST_STEP][PASSED] - click(findTestObject("Christi/Page_Dashboard/span_Simpan")): Object: 'Object Repository/Christi/Page_Dashboard/span_Simpan' is clicked on

2020-05-29 19:30:10 - [MESSAGE][PASSED] - Object: 'Object Repository/Christi/Page_Dashboard/span_Simpan' is clicked on

2020-05-29 19:30:10 - [TEST_STEP][PASSED] - if (expected == "pass"): Object 'Object Repository/Christi/Page_Dashboard/nama reward' is present

2020-05-29 19:30:10 - [TEST_STEP][PASSED] - if (edit == "nama reward"): null

2020-05-29 19:30:10 - [TEST_STEP][PASSED] - else: Object 'Object Repository/Christi/Page_Dashboard/nama reward' is present

2020-05-29 19:30:10 - [TEST_STEP][PASSED] - verifyElementPresent(findTestObject("Christi/Page_Dashboard/nama reward", ["text":nama_reward]), 0): Object 'Object Repository/Christi/Page_Dashboard/nama reward' is present

2020-05-29 19:30:11 - [MESSAGE][WARNING] - Timeout '0' is invalid. Using default page load timeout: '30'

2020-05-29 19:30:14 - [MESSAGE][PASSED] - Object 'Object Repository/Christi/Page_Dashboard/nama reward' is present

2020-05-29 19:30:14 - [TEST_STEP][PASSED] - closeBrowser(STOP_ON_FAILURE): Browser is closed

2020-05-29 19:30:15 - [MESSAGE][PASSED] - Browser is closed]]></system-out>
         <system-err><![CDATA[]]></system-err>
      </testcase>
      <testcase name="Test Cases/Christi/edit reward" time="52.798" classname="Test Cases/Christi/edit reward" status="PASSED">
         <system-out><![CDATA[2020-05-29 19:30:16 - [TEST_CASE][PASSED] - Test Cases/Christi/edit reward: Test Cases/Christi/edit reward

2020-05-29 19:30:16 - [TEST_STEP][PASSED] - callTestCase(findTestCase("Christi/Login"), ["username":"admin@mail.com", "password":"Password1#"], STOP_ON_FAILURE): Call Test Case 'Test Cases/Christi/Login' successfully

2020-05-29 19:30:16 - [TEST_CASE][PASSED] - Test Cases/Christi/Login: Test Cases/Christi/Login

2020-05-29 19:30:16 - [TEST_STEP][PASSED] - openBrowser(""): Browser is opened with url: ''

2020-05-29 19:30:16 - [MESSAGE][INFO] - Starting 'Chrome' driver

2020-05-29 19:30:19 - [MESSAGE][PASSED] - Browser is opened with url: ''

2020-05-29 19:30:19 - [TEST_STEP][PASSED] - navigateToUrl("https://appsrv1.deltadatamandiri.com/ACC_Hunter_Web/#/S19n1n"): Navigate to 'https://appsrv1.deltadatamandiri.com/ACC_Hunter_Web/#/S19n1n' successfully

2020-05-29 19:30:36 - [MESSAGE][PASSED] - Navigate to 'https://appsrv1.deltadatamandiri.com/ACC_Hunter_Web/#/S19n1n' successfully

2020-05-29 19:30:36 - [TEST_STEP][PASSED] - setText(findTestObject("Christi/Page_Sign In/input_username"), username): Text 'admin@mail.com' is set on object 'Object Repository/Christi/Page_Sign In/input_username'

2020-05-29 19:30:40 - [MESSAGE][PASSED] - Text 'admin@mail.com' is set on object 'Object Repository/Christi/Page_Sign In/input_username'

2020-05-29 19:30:40 - [TEST_STEP][PASSED] - setText(findTestObject("Christi/Page_Sign In/input_password"), password): Text 'Password1#' is set on object 'Object Repository/Christi/Page_Sign In/input_password'

2020-05-29 19:30:41 - [MESSAGE][PASSED] - Text 'Password1#' is set on object 'Object Repository/Christi/Page_Sign In/input_password'

2020-05-29 19:30:41 - [TEST_STEP][PASSED] - click(findTestObject("Christi/Page_Sign In/span_Sign In")): Object: 'Object Repository/Christi/Page_Sign In/span_Sign In' is clicked on

2020-05-29 19:30:42 - [MESSAGE][PASSED] - Object: 'Object Repository/Christi/Page_Sign In/span_Sign In' is clicked on

2020-05-29 19:30:42 - [MESSAGE][PASSED] - Call Test Case 'Test Cases/Christi/Login' successfully

2020-05-29 19:30:42 - [TEST_STEP][PASSED] - delay(3): Delayed 3 second(s)

2020-05-29 19:30:45 - [MESSAGE][PASSED] - Delayed 3 second(s)

2020-05-29 19:30:45 - [TEST_STEP][PASSED] - click(findTestObject("Object Repository/Christi/Page_Main/img_Manage Gamification_picture8")): Object: 'Object Repository/Christi/Page_Main/img_Manage Gamification_picture8' is clicked on

2020-05-29 19:30:49 - [MESSAGE][PASSED] - Object: 'Object Repository/Christi/Page_Main/img_Manage Gamification_picture8' is clicked on

2020-05-29 19:30:49 - [TEST_STEP][PASSED] - delay(3): Delayed 3 second(s)

2020-05-29 19:30:52 - [MESSAGE][PASSED] - Delayed 3 second(s)

2020-05-29 19:30:52 - [TEST_STEP][PASSED] - click(findTestObject("Christi/Page_Dashboard/img_Jam dinding_picture5")): Object: 'Object Repository/Christi/Page_Dashboard/img_Jam dinding_picture5' is clicked on

2020-05-29 19:30:59 - [MESSAGE][PASSED] - Object: 'Object Repository/Christi/Page_Dashboard/img_Jam dinding_picture5' is clicked on

2020-05-29 19:30:59 - [TEST_STEP][PASSED] - switch (edit.toString()): null

2020-05-29 19:30:59 - [TEST_STEP][PASSED] - delay(3): Delayed 3 second(s)

2020-05-29 19:31:02 - [MESSAGE][PASSED] - Delayed 3 second(s)

2020-05-29 19:31:02 - [TEST_STEP][PASSED] - click(findTestObject("Christi/Page_Dashboard/span_Simpan")): Object: 'Object Repository/Christi/Page_Dashboard/span_Simpan' is clicked on

2020-05-29 19:31:02 - [MESSAGE][PASSED] - Object: 'Object Repository/Christi/Page_Dashboard/span_Simpan' is clicked on

2020-05-29 19:31:02 - [TEST_STEP][PASSED] - if (expected == "pass"): Object 'Object Repository/Christi/Page_Dashboard/nama reward' is present

2020-05-29 19:31:02 - [TEST_STEP][PASSED] - if (edit == "nama reward"): null

2020-05-29 19:31:02 - [TEST_STEP][PASSED] - else: Object 'Object Repository/Christi/Page_Dashboard/nama reward' is present

2020-05-29 19:31:02 - [TEST_STEP][PASSED] - verifyElementPresent(findTestObject("Christi/Page_Dashboard/nama reward", ["text":nama_reward]), 0): Object 'Object Repository/Christi/Page_Dashboard/nama reward' is present

2020-05-29 19:31:03 - [MESSAGE][WARNING] - Timeout '0' is invalid. Using default page load timeout: '30'

2020-05-29 19:31:07 - [MESSAGE][PASSED] - Object 'Object Repository/Christi/Page_Dashboard/nama reward' is present

2020-05-29 19:31:07 - [TEST_STEP][PASSED] - closeBrowser(STOP_ON_FAILURE): Browser is closed

2020-05-29 19:31:08 - [MESSAGE][PASSED] - Browser is closed]]></system-out>
         <system-err><![CDATA[]]></system-err>
      </testcase>
      <testcase name="Test Cases/Christi/edit reward" time="49.167" classname="Test Cases/Christi/edit reward" status="PASSED">
         <system-out><![CDATA[2020-05-29 19:31:09 - [TEST_CASE][PASSED] - Test Cases/Christi/edit reward: Test Cases/Christi/edit reward

2020-05-29 19:31:09 - [TEST_STEP][PASSED] - callTestCase(findTestCase("Christi/Login"), ["username":"admin@mail.com", "password":"Password1#"], STOP_ON_FAILURE): Call Test Case 'Test Cases/Christi/Login' successfully

2020-05-29 19:31:09 - [TEST_CASE][PASSED] - Test Cases/Christi/Login: Test Cases/Christi/Login

2020-05-29 19:31:09 - [TEST_STEP][PASSED] - openBrowser(""): Browser is opened with url: ''

2020-05-29 19:31:09 - [MESSAGE][INFO] - Starting 'Chrome' driver

2020-05-29 19:31:12 - [MESSAGE][PASSED] - Browser is opened with url: ''

2020-05-29 19:31:12 - [TEST_STEP][PASSED] - navigateToUrl("https://appsrv1.deltadatamandiri.com/ACC_Hunter_Web/#/S19n1n"): Navigate to 'https://appsrv1.deltadatamandiri.com/ACC_Hunter_Web/#/S19n1n' successfully

2020-05-29 19:31:23 - [MESSAGE][PASSED] - Navigate to 'https://appsrv1.deltadatamandiri.com/ACC_Hunter_Web/#/S19n1n' successfully

2020-05-29 19:31:23 - [TEST_STEP][PASSED] - setText(findTestObject("Christi/Page_Sign In/input_username"), username): Text 'admin@mail.com' is set on object 'Object Repository/Christi/Page_Sign In/input_username'

2020-05-29 19:31:26 - [MESSAGE][PASSED] - Text 'admin@mail.com' is set on object 'Object Repository/Christi/Page_Sign In/input_username'

2020-05-29 19:31:26 - [TEST_STEP][PASSED] - setText(findTestObject("Christi/Page_Sign In/input_password"), password): Text 'Password1#' is set on object 'Object Repository/Christi/Page_Sign In/input_password'

2020-05-29 19:31:27 - [MESSAGE][PASSED] - Text 'Password1#' is set on object 'Object Repository/Christi/Page_Sign In/input_password'

2020-05-29 19:31:27 - [TEST_STEP][PASSED] - click(findTestObject("Christi/Page_Sign In/span_Sign In")): Object: 'Object Repository/Christi/Page_Sign In/span_Sign In' is clicked on

2020-05-29 19:31:28 - [MESSAGE][PASSED] - Object: 'Object Repository/Christi/Page_Sign In/span_Sign In' is clicked on

2020-05-29 19:31:28 - [MESSAGE][PASSED] - Call Test Case 'Test Cases/Christi/Login' successfully

2020-05-29 19:31:28 - [TEST_STEP][PASSED] - delay(3): Delayed 3 second(s)

2020-05-29 19:31:31 - [MESSAGE][PASSED] - Delayed 3 second(s)

2020-05-29 19:31:31 - [TEST_STEP][PASSED] - click(findTestObject("Object Repository/Christi/Page_Main/img_Manage Gamification_picture8")): Object: 'Object Repository/Christi/Page_Main/img_Manage Gamification_picture8' is clicked on

2020-05-29 19:31:34 - [MESSAGE][PASSED] - Object: 'Object Repository/Christi/Page_Main/img_Manage Gamification_picture8' is clicked on

2020-05-29 19:31:34 - [TEST_STEP][PASSED] - delay(3): Delayed 3 second(s)

2020-05-29 19:31:37 - [MESSAGE][PASSED] - Delayed 3 second(s)

2020-05-29 19:31:37 - [TEST_STEP][PASSED] - click(findTestObject("Christi/Page_Dashboard/img_Jam dinding_picture5")): Object: 'Object Repository/Christi/Page_Dashboard/img_Jam dinding_picture5' is clicked on

2020-05-29 19:31:45 - [MESSAGE][PASSED] - Object: 'Object Repository/Christi/Page_Dashboard/img_Jam dinding_picture5' is clicked on

2020-05-29 19:31:45 - [TEST_STEP][PASSED] - switch (edit.toString()): null

2020-05-29 19:31:45 - [TEST_STEP][PASSED] - case "nama reward":: null

2020-05-29 19:31:45 - [TEST_STEP][PASSED] - if (nama_reward_baru == "erase"): null

2020-05-29 19:31:45 - [TEST_STEP][PASSED] - else: Text 'Kaos Oblong' is set on object 'Object Repository/Christi/Page_Dashboard/input_edit _nama_reward'

2020-05-29 19:31:45 - [TEST_STEP][PASSED] - clearText(findTestObject("Christi/Page_Dashboard/input_edit _nama_reward")): Text of object 'Object Repository/Christi/Page_Dashboard/input_edit _nama_reward' is cleared

2020-05-29 19:31:46 - [MESSAGE][PASSED] - Text of object 'Object Repository/Christi/Page_Dashboard/input_edit _nama_reward' is cleared

2020-05-29 19:31:46 - [TEST_STEP][PASSED] - setText(findTestObject("Christi/Page_Dashboard/input_edit _nama_reward"), nama_reward_baru): Text 'Kaos Oblong' is set on object 'Object Repository/Christi/Page_Dashboard/input_edit _nama_reward'

2020-05-29 19:31:47 - [MESSAGE][PASSED] - Text 'Kaos Oblong' is set on object 'Object Repository/Christi/Page_Dashboard/input_edit _nama_reward'

2020-05-29 19:31:47 - [TEST_STEP][PASSED] - break: null

2020-05-29 19:31:47 - [TEST_STEP][PASSED] - delay(3): Delayed 3 second(s)

2020-05-29 19:31:50 - [MESSAGE][PASSED] - Delayed 3 second(s)

2020-05-29 19:31:50 - [TEST_STEP][PASSED] - click(findTestObject("Christi/Page_Dashboard/span_Simpan")): Object: 'Object Repository/Christi/Page_Dashboard/span_Simpan' is clicked on

2020-05-29 19:31:51 - [MESSAGE][PASSED] - Object: 'Object Repository/Christi/Page_Dashboard/span_Simpan' is clicked on

2020-05-29 19:31:51 - [TEST_STEP][PASSED] - if (expected == "pass"): Object 'Object Repository/Christi/Page_Dashboard/nama reward' is present

2020-05-29 19:31:51 - [TEST_STEP][PASSED] - if (edit == "nama reward"): Object 'Object Repository/Christi/Page_Dashboard/nama reward' is present

2020-05-29 19:31:51 - [TEST_STEP][PASSED] - verifyElementPresent(findTestObject("Christi/Page_Dashboard/nama reward", ["text":nama_reward_baru]), 0): Object 'Object Repository/Christi/Page_Dashboard/nama reward' is present

2020-05-29 19:31:51 - [MESSAGE][WARNING] - Timeout '0' is invalid. Using default page load timeout: '30'

2020-05-29 19:31:56 - [MESSAGE][PASSED] - Object 'Object Repository/Christi/Page_Dashboard/nama reward' is present

2020-05-29 19:31:56 - [TEST_STEP][PASSED] - closeBrowser(STOP_ON_FAILURE): Browser is closed

2020-05-29 19:31:58 - [MESSAGE][PASSED] - Browser is closed]]></system-out>
         <system-err><![CDATA[]]></system-err>
      </testcase>
      <testcase name="Test Cases/Christi/edit reward" time="55.242" classname="Test Cases/Christi/edit reward" status="PASSED">
         <system-out><![CDATA[2020-05-29 19:31:58 - [TEST_CASE][PASSED] - Test Cases/Christi/edit reward: Test Cases/Christi/edit reward

2020-05-29 19:31:58 - [TEST_STEP][PASSED] - callTestCase(findTestCase("Christi/Login"), ["username":"admin@mail.com", "password":"Password1#"], STOP_ON_FAILURE): Call Test Case 'Test Cases/Christi/Login' successfully

2020-05-29 19:31:58 - [TEST_CASE][PASSED] - Test Cases/Christi/Login: Test Cases/Christi/Login

2020-05-29 19:31:58 - [TEST_STEP][PASSED] - openBrowser(""): Browser is opened with url: ''

2020-05-29 19:31:58 - [MESSAGE][INFO] - Starting 'Chrome' driver

2020-05-29 19:32:01 - [MESSAGE][PASSED] - Browser is opened with url: ''

2020-05-29 19:32:01 - [TEST_STEP][PASSED] - navigateToUrl("https://appsrv1.deltadatamandiri.com/ACC_Hunter_Web/#/S19n1n"): Navigate to 'https://appsrv1.deltadatamandiri.com/ACC_Hunter_Web/#/S19n1n' successfully

2020-05-29 19:32:13 - [MESSAGE][PASSED] - Navigate to 'https://appsrv1.deltadatamandiri.com/ACC_Hunter_Web/#/S19n1n' successfully

2020-05-29 19:32:13 - [TEST_STEP][PASSED] - setText(findTestObject("Christi/Page_Sign In/input_username"), username): Text 'admin@mail.com' is set on object 'Object Repository/Christi/Page_Sign In/input_username'

2020-05-29 19:32:17 - [MESSAGE][PASSED] - Text 'admin@mail.com' is set on object 'Object Repository/Christi/Page_Sign In/input_username'

2020-05-29 19:32:17 - [TEST_STEP][PASSED] - setText(findTestObject("Christi/Page_Sign In/input_password"), password): Text 'Password1#' is set on object 'Object Repository/Christi/Page_Sign In/input_password'

2020-05-29 19:32:18 - [MESSAGE][PASSED] - Text 'Password1#' is set on object 'Object Repository/Christi/Page_Sign In/input_password'

2020-05-29 19:32:18 - [TEST_STEP][PASSED] - click(findTestObject("Christi/Page_Sign In/span_Sign In")): Object: 'Object Repository/Christi/Page_Sign In/span_Sign In' is clicked on

2020-05-29 19:32:18 - [MESSAGE][PASSED] - Object: 'Object Repository/Christi/Page_Sign In/span_Sign In' is clicked on

2020-05-29 19:32:18 - [MESSAGE][PASSED] - Call Test Case 'Test Cases/Christi/Login' successfully

2020-05-29 19:32:18 - [TEST_STEP][PASSED] - delay(3): Delayed 3 second(s)

2020-05-29 19:32:21 - [MESSAGE][PASSED] - Delayed 3 second(s)

2020-05-29 19:32:21 - [TEST_STEP][PASSED] - click(findTestObject("Object Repository/Christi/Page_Main/img_Manage Gamification_picture8")): Object: 'Object Repository/Christi/Page_Main/img_Manage Gamification_picture8' is clicked on

2020-05-29 19:32:25 - [MESSAGE][PASSED] - Object: 'Object Repository/Christi/Page_Main/img_Manage Gamification_picture8' is clicked on

2020-05-29 19:32:25 - [TEST_STEP][PASSED] - delay(3): Delayed 3 second(s)

2020-05-29 19:32:28 - [MESSAGE][PASSED] - Delayed 3 second(s)

2020-05-29 19:32:28 - [TEST_STEP][PASSED] - click(findTestObject("Christi/Page_Dashboard/img_Jam dinding_picture5")): Object: 'Object Repository/Christi/Page_Dashboard/img_Jam dinding_picture5' is clicked on

2020-05-29 19:32:34 - [MESSAGE][PASSED] - Object: 'Object Repository/Christi/Page_Dashboard/img_Jam dinding_picture5' is clicked on

2020-05-29 19:32:34 - [TEST_STEP][PASSED] - switch (edit.toString()): null

2020-05-29 19:32:34 - [TEST_STEP][PASSED] - case "img upload":: null

2020-05-29 19:32:34 - [TEST_STEP][PASSED] - if (img_upload == "erase"): null

2020-05-29 19:32:34 - [TEST_STEP][PASSED] - else if (img_upload == "yes"): null

2020-05-29 19:32:34 - [TEST_STEP][PASSED] - delay(3): Delayed 3 second(s)

2020-05-29 19:32:37 - [MESSAGE][PASSED] - Delayed 3 second(s)

2020-05-29 19:32:37 - [TEST_STEP][PASSED] - uploadFile(findTestObject("Christi/Page_Dashboard/input_Reward_files"), img_reward): File 'C:\Users\ASUS\git\HunterCMS\image\bn48b9rn47-95-0-1--l.jpg' sent to object: 'Object Repository/Christi/Page_Dashboard/input_Reward_files'

2020-05-29 19:32:38 - [MESSAGE][PASSED] - File 'C:\Users\ASUS\git\HunterCMS\image\bn48b9rn47-95-0-1--l.jpg' sent to object: 'Object Repository/Christi/Page_Dashboard/input_Reward_files'

2020-05-29 19:32:38 - [TEST_STEP][PASSED] - if (alert == "file to big"): null

2020-05-29 19:32:38 - [TEST_STEP][PASSED] - break: null

2020-05-29 19:32:38 - [TEST_STEP][PASSED] - delay(3): Delayed 3 second(s)

2020-05-29 19:32:41 - [MESSAGE][PASSED] - Delayed 3 second(s)

2020-05-29 19:32:41 - [TEST_STEP][PASSED] - click(findTestObject("Christi/Page_Dashboard/span_Simpan")): Object: 'Object Repository/Christi/Page_Dashboard/span_Simpan' is clicked on

2020-05-29 19:32:47 - [MESSAGE][PASSED] - Object: 'Object Repository/Christi/Page_Dashboard/span_Simpan' is clicked on

2020-05-29 19:32:47 - [TEST_STEP][PASSED] - if (expected == "pass"): Object 'Object Repository/Christi/Page_Dashboard/nama reward' is present

2020-05-29 19:32:47 - [TEST_STEP][PASSED] - if (edit == "nama reward"): null

2020-05-29 19:32:47 - [TEST_STEP][PASSED] - else: Object 'Object Repository/Christi/Page_Dashboard/nama reward' is present

2020-05-29 19:32:47 - [TEST_STEP][PASSED] - verifyElementPresent(findTestObject("Christi/Page_Dashboard/nama reward", ["text":nama_reward]), 0): Object 'Object Repository/Christi/Page_Dashboard/nama reward' is present

2020-05-29 19:32:47 - [MESSAGE][WARNING] - Timeout '0' is invalid. Using default page load timeout: '30'

2020-05-29 19:32:52 - [MESSAGE][PASSED] - Object 'Object Repository/Christi/Page_Dashboard/nama reward' is present

2020-05-29 19:32:52 - [TEST_STEP][PASSED] - closeBrowser(STOP_ON_FAILURE): Browser is closed

2020-05-29 19:32:53 - [MESSAGE][PASSED] - Browser is closed]]></system-out>
         <system-err><![CDATA[]]></system-err>
      </testcase>
      <system-out><![CDATA[2020-05-29 19:27:32 - [TEST_SUITE][FAILED] - Reward Management - Reward Master List: Test Cases/Christi/edit reward FAILED.
Reason:
com.kms.katalon.core.exception.StepFailedException: Unable to verify object 'Object Repository/Christi/Page_Dashboard/p_Nama tidak boleh kosong' is present
	at com.kms.katalon.core.webui.keyword.internal.WebUIKeywordMain.stepFailed(WebUIKeywordMain.groovy:64)
	at com.kms.katalon.core.webui.keyword.internal.WebUIKeywordMain.runKeyword(WebUIKeywordMain.groovy:26)
	at com.kms.katalon.core.webui.keyword.builtin.VerifyElementPresentKeyword.verifyElementPresent(VerifyElementPresentKeyword.groovy:92)
	at com.kms.katalon.core.webui.keyword.builtin.VerifyElementPresentKeyword.execute(VerifyElementPresentKeyword.groovy:68)
	at com.kms.katalon.core.keyword.internal.KeywordExecutor.executeKeywordForPlatform(KeywordExecutor.groovy:60)
	at com.kms.katalon.core.webui.keyword.WebUiBuiltInKeywords.verifyElementPresent(WebUiBuiltInKeywords.groovy:1434)
	at com.kms.katalon.core.webui.keyword.WebUiBuiltInKeywords$verifyElementPresent$4.call(Unknown Source)
	at edit reward.run(edit reward:83)
	at com.kms.katalon.core.main.ScriptEngine.run(ScriptEngine.java:194)
	at com.kms.katalon.core.main.ScriptEngine.runScriptAsRawText(ScriptEngine.java:119)
	at com.kms.katalon.core.main.TestCaseExecutor.runScript(TestCaseExecutor.java:337)
	at com.kms.katalon.core.main.TestCaseExecutor.doExecute(TestCaseExecutor.java:328)
	at com.kms.katalon.core.main.TestCaseExecutor.processExecutionPhase(TestCaseExecutor.java:307)
	at com.kms.katalon.core.main.TestCaseExecutor.accessMainPhase(TestCaseExecutor.java:299)
	at com.kms.katalon.core.main.TestCaseExecutor.execute(TestCaseExecutor.java:233)
	at com.kms.katalon.core.main.TestSuiteExecutor.accessTestCaseMainPhase(TestSuiteExecutor.java:169)
	at com.kms.katalon.core.main.TestSuiteExecutor.accessTestSuiteMainPhase(TestSuiteExecutor.java:142)
	at com.kms.katalon.core.main.TestSuiteExecutor.execute(TestSuiteExecutor.java:91)
	at com.kms.katalon.core.main.TestCaseMain.startTestSuite(TestCaseMain.java:157)
	at com.kms.katalon.core.main.TestCaseMain$startTestSuite$0.call(Unknown Source)
	at TempTestSuite1590755238008.run(TempTestSuite1590755238008.groovy:36)
Caused by: com.kms.katalon.core.exception.StepFailedException: com.kms.katalon.core.webui.exception.WebElementNotFoundException: Web element with id: 'Object Repository/Christi/Page_Dashboard/p_Nama tidak boleh kosong' located by 'By.xpath: //*[@name = 'messageAddReward' and (text() = 'Nama tidak boleh kosong×' or . = 'Nama tidak boleh kosong×')]' not found
	at com.kms.katalon.core.webui.keyword.internal.WebUIKeywordMain.stepFailed(WebUIKeywordMain.groovy:64)
	at com.kms.katalon.core.webui.keyword.builtin.VerifyElementPresentKeyword$_verifyElementPresent_closure1.doCall(VerifyElementPresentKeyword.groovy:85)
	at com.kms.katalon.core.webui.keyword.builtin.VerifyElementPresentKeyword$_verifyElementPresent_closure1.call(VerifyElementPresentKeyword.groovy)
	at com.kms.katalon.core.webui.keyword.internal.WebUIKeywordMain.runKeyword(WebUIKeywordMain.groovy:20)
	... 19 more]]></system-out>
      <system-err><![CDATA[2020-05-29 19:27:32 - [TEST_SUITE][FAILED] - Reward Management - Reward Master List: Test Cases/Christi/edit reward FAILED.
Reason:
com.kms.katalon.core.exception.StepFailedException: Unable to verify object 'Object Repository/Christi/Page_Dashboard/p_Nama tidak boleh kosong' is present
	at com.kms.katalon.core.webui.keyword.internal.WebUIKeywordMain.stepFailed(WebUIKeywordMain.groovy:64)
	at com.kms.katalon.core.webui.keyword.internal.WebUIKeywordMain.runKeyword(WebUIKeywordMain.groovy:26)
	at com.kms.katalon.core.webui.keyword.builtin.VerifyElementPresentKeyword.verifyElementPresent(VerifyElementPresentKeyword.groovy:92)
	at com.kms.katalon.core.webui.keyword.builtin.VerifyElementPresentKeyword.execute(VerifyElementPresentKeyword.groovy:68)
	at com.kms.katalon.core.keyword.internal.KeywordExecutor.executeKeywordForPlatform(KeywordExecutor.groovy:60)
	at com.kms.katalon.core.webui.keyword.WebUiBuiltInKeywords.verifyElementPresent(WebUiBuiltInKeywords.groovy:1434)
	at com.kms.katalon.core.webui.keyword.WebUiBuiltInKeywords$verifyElementPresent$4.call(Unknown Source)
	at edit reward.run(edit reward:83)
	at com.kms.katalon.core.main.ScriptEngine.run(ScriptEngine.java:194)
	at com.kms.katalon.core.main.ScriptEngine.runScriptAsRawText(ScriptEngine.java:119)
	at com.kms.katalon.core.main.TestCaseExecutor.runScript(TestCaseExecutor.java:337)
	at com.kms.katalon.core.main.TestCaseExecutor.doExecute(TestCaseExecutor.java:328)
	at com.kms.katalon.core.main.TestCaseExecutor.processExecutionPhase(TestCaseExecutor.java:307)
	at com.kms.katalon.core.main.TestCaseExecutor.accessMainPhase(TestCaseExecutor.java:299)
	at com.kms.katalon.core.main.TestCaseExecutor.execute(TestCaseExecutor.java:233)
	at com.kms.katalon.core.main.TestSuiteExecutor.accessTestCaseMainPhase(TestSuiteExecutor.java:169)
	at com.kms.katalon.core.main.TestSuiteExecutor.accessTestSuiteMainPhase(TestSuiteExecutor.java:142)
	at com.kms.katalon.core.main.TestSuiteExecutor.execute(TestSuiteExecutor.java:91)
	at com.kms.katalon.core.main.TestCaseMain.startTestSuite(TestCaseMain.java:157)
	at com.kms.katalon.core.main.TestCaseMain$startTestSuite$0.call(Unknown Source)
	at TempTestSuite1590755238008.run(TempTestSuite1590755238008.groovy:36)
Caused by: com.kms.katalon.core.exception.StepFailedException: com.kms.katalon.core.webui.exception.WebElementNotFoundException: Web element with id: 'Object Repository/Christi/Page_Dashboard/p_Nama tidak boleh kosong' located by 'By.xpath: //*[@name = 'messageAddReward' and (text() = 'Nama tidak boleh kosong×' or . = 'Nama tidak boleh kosong×')]' not found
	at com.kms.katalon.core.webui.keyword.internal.WebUIKeywordMain.stepFailed(WebUIKeywordMain.groovy:64)
	at com.kms.katalon.core.webui.keyword.builtin.VerifyElementPresentKeyword$_verifyElementPresent_closure1.doCall(VerifyElementPresentKeyword.groovy:85)
	at com.kms.katalon.core.webui.keyword.builtin.VerifyElementPresentKeyword$_verifyElementPresent_closure1.call(VerifyElementPresentKeyword.groovy)
	at com.kms.katalon.core.webui.keyword.internal.WebUIKeywordMain.runKeyword(WebUIKeywordMain.groovy:20)
	... 19 more]]></system-err>
   </testsuite>
</testsuites>
